{"logTime": "0813/112341", "correlationVector":"McHlmZ4TUaYIH4Jd03P68f.2","action":"Commit Response", "result":"SYNCER_OK", "context":Result: SYNCER_OK. cV=McHlmZ4TUaYIH4Jd03P68f.0;server=GENERAL0100000L;cloudType=Consumer;environment=Prod_SoutheastAsia_000j;migrationStage=NotStarted}
{"logTime": "0813/112423", "correlationVector":"27n4dhp82uE+AqeNUFTkd4","action":"Commit Request", "result":"", "context":Item count: 1
Contributing types: Sessions}
{"logTime": "0813/112423", "correlationVector":"27n4dhp82uE+AqeNUFTkd4.1","action":"SyncServerConnectionManagerRequest", "result":"SYNC_SERVER_OK", "context":{"environment":"Prod_SoutheastAsia_000j", "migrationStage":"NotStarted", "server":"GENERAL0100000Y"}}
{"logTime": "0813/112423", "correlationVector":"27n4dhp82uE+AqeNUFTkd4.2","action":"Commit Response", "result":"SYNCER_OK", "context":Result: SYNCER_OK. cV=27n4dhp82uE+AqeNUFTkd4.0;server=GENERAL0100000Y;cloudType=Consumer;environment=Prod_SoutheastAsia_000j;migrationStage=NotStarted}
{"logTime": "0813/112508", "correlationVector":"ELufhVFa2bn8Qyrol70X50","action":"Commit Request", "result":"", "context":Item count: 1
Contributing types: Sessions}
{"logTime": "0813/112509", "correlationVector":"ELufhVFa2bn8Qyrol70X50.1","action":"SyncServerConnectionManagerRequest", "result":"SYNC_SERVER_OK", "context":{"environment":"Prod_SoutheastAsia_000j", "migrationStage":"NotStarted", "server":"GENERAL0100001J"}}
{"logTime": "0813/112509", "correlationVector":"ELufhVFa2bn8Qyrol70X50.2","action":"Commit Response", "result":"SYNCER_OK", "context":Result: SYNCER_OK. cV=ELufhVFa2bn8Qyrol70X50.0;server=GENERAL0100001J;cloudType=Consumer;environment=Prod_SoutheastAsia_000j;migrationStage=NotStarted}
{"logTime": "0813/112707", "correlationVector":"ty2fUalgn2zVXGFpOVbFho","action":"Commit Request", "result":"", "context":Item count: 1
Contributing types: Sessions}
{"logTime": "0813/112708", "correlationVector":"ty2fUalgn2zVXGFpOVbFho.1","action":"SyncServerConnectionManagerRequest", "result":"SYNC_SERVER_OK", "context":{"environment":"Prod_SoutheastAsia_000j", "migrationStage":"NotStarted", "server":"GENERAL01000000"}}
{"logTime": "0813/112708", "correlationVector":"ty2fUalgn2zVXGFpOVbFho.2","action":"Commit Response", "result":"SYNCER_OK", "context":Result: SYNCER_OK. cV=ty2fUalgn2zVXGFpOVbFho.0;server=GENERAL01000000;cloudType=Consumer;environment=Prod_SoutheastAsia_000j;migrationStage=NotStarted}
{"logTime": "0813/112744", "correlationVector":"MtFS9LQIZGhlFdfvFlUQ+3","action":"Commit Request", "result":"", "context":Item count: 1
Contributing types: Sessions}
{"logTime": "0813/112745", "correlationVector":"MtFS9LQIZGhlFdfvFlUQ+3.1","action":"SyncServerConnectionManagerRequest", "result":"SYNC_SERVER_OK", "context":{"environment":"Prod_SoutheastAsia_000j", "migrationStage":"NotStarted", "server":"GENERAL0100000C"}}
{"logTime": "0813/112745", "correlationVector":"MtFS9LQIZGhlFdfvFlUQ+3.2","action":"Commit Response", "result":"SYNCER_OK", "context":Result: SYNCER_OK. cV=MtFS9LQIZGhlFdfvFlUQ+3.0;server=GENERAL0100000C;cloudType=Consumer;environment=Prod_SoutheastAsia_000j;migrationStage=NotStarted}
{"logTime": "0813/112856", "correlationVector":"h/bTBmXOWGjw/AeZn2L6pG","action":"Commit Request", "result":"", "context":Item count: 1
Contributing types: Sessions}
{"logTime": "0813/112857", "correlationVector":"h/bTBmXOWGjw/AeZn2L6pG.1","action":"SyncServerConnectionManagerRequest", "result":"SYNC_SERVER_OK", "context":{"environment":"Prod_SoutheastAsia_000j", "migrationStage":"NotStarted", "server":"GENERAL0100000O"}}
{"logTime": "0813/112857", "correlationVector":"h/bTBmXOWGjw/AeZn2L6pG.2","action":"Commit Response", "result":"SYNCER_OK", "context":Result: SYNCER_OK. cV=h/bTBmXOWGjw/AeZn2L6pG.0;server=GENERAL0100000O;cloudType=Consumer;environment=Prod_SoutheastAsia_000j;migrationStage=NotStarted}
{"logTime": "0813/112941", "correlationVector":"mz4w6NNWk7mBLGEpkrDZ5m","action":"Commit Request", "result":"", "context":Item count: 1
Contributing types: Sessions}
{"logTime": "0813/112942", "correlationVector":"mz4w6NNWk7mBLGEpkrDZ5m.1","action":"SyncServerConnectionManagerRequest", "result":"SYNC_SERVER_OK", "context":{"environment":"Prod_SoutheastAsia_000j", "migrationStage":"NotStarted", "server":"GENERAL0100001L"}}
{"logTime": "0813/112942", "correlationVector":"mz4w6NNWk7mBLGEpkrDZ5m.2","action":"Commit Response", "result":"SYNCER_OK", "context":Result: SYNCER_OK. cV=mz4w6NNWk7mBLGEpkrDZ5m.0;server=GENERAL0100001L;cloudType=Consumer;environment=Prod_SoutheastAsia_000j;migrationStage=NotStarted}
{"logTime": "0813/113014", "correlationVector":"qDDDn0dWgwvU/lVLmevlcx","action":"Commit Request", "result":"", "context":Item count: 1
Contributing types: Sessions}
{"logTime": "0813/113015", "correlationVector":"qDDDn0dWgwvU/lVLmevlcx.1","action":"SyncServerConnectionManagerRequest", "result":"SYNC_SERVER_OK", "context":{"environment":"Prod_SoutheastAsia_000j", "migrationStage":"NotStarted", "server":"GENERAL0100000I"}}
{"logTime": "0813/113015", "correlationVector":"qDDDn0dWgwvU/lVLmevlcx.2","action":"Commit Response", "result":"SYNCER_OK", "context":Result: SYNCER_OK. cV=qDDDn0dWgwvU/lVLmevlcx.0;server=GENERAL0100000I;cloudType=Consumer;environment=Prod_SoutheastAsia_000j;migrationStage=NotStarted}
{"logTime": "0813/113053", "correlationVector":"wNhGsrbckCdh2MumKTC5Md","action":"Commit Request", "result":"", "context":Item count: 1
Contributing types: Sessions}
{"logTime": "0813/113054", "correlationVector":"wNhGsrbckCdh2MumKTC5Md.1","action":"SyncServerConnectionManagerRequest", "result":"SYNC_SERVER_OK", "context":{"environment":"Prod_SoutheastAsia_000j", "migrationStage":"NotStarted", "server":"GENERAL0100000K"}}
{"logTime": "0813/113054", "correlationVector":"wNhGsrbckCdh2MumKTC5Md.2","action":"Commit Response", "result":"SYNCER_OK", "context":Result: SYNCER_OK. cV=wNhGsrbckCdh2MumKTC5Md.0;server=GENERAL0100000K;cloudType=Consumer;environment=Prod_SoutheastAsia_000j;migrationStage=NotStarted}
{"logTime": "0813/113135", "correlationVector":"i1Pq5yMjEa0/lgT89wF5SB","action":"Commit Request", "result":"", "context":Item count: 1
Contributing types: Sessions}
{"logTime": "0813/113135", "correlationVector":"i1Pq5yMjEa0/lgT89wF5SB.1","action":"SyncServerConnectionManagerRequest", "result":"SYNC_SERVER_OK", "context":{"environment":"Prod_SoutheastAsia_000j", "migrationStage":"NotStarted", "server":"GENERAL01000003"}}
{"logTime": "0813/113135", "correlationVector":"i1Pq5yMjEa0/lgT89wF5SB.2","action":"Commit Response", "result":"SYNCER_OK", "context":Result: SYNCER_OK. cV=i1Pq5yMjEa0/lgT89wF5SB.0;server=GENERAL01000003;cloudType=Consumer;environment=Prod_SoutheastAsia_000j;migrationStage=NotStarted}
{"logTime": "0813/113233", "correlationVector":"ArDx5D65dbIDjG6CvYREU/","action":"Commit Request", "result":"", "context":Item count: 1
Contributing types: Sessions}
{"logTime": "0813/113233", "correlationVector":"ArDx5D65dbIDjG6CvYREU/.1","action":"SyncServerConnectionManagerRequest", "result":"SYNC_SERVER_OK", "context":{"environment":"Prod_SoutheastAsia_000j", "migrationStage":"NotStarted", "server":"general01000011"}}
{"logTime": "0813/113233", "correlationVector":"ArDx5D65dbIDjG6CvYREU/.2","action":"Commit Response", "result":"SYNCER_OK", "context":Result: SYNCER_OK. cV=ArDx5D65dbIDjG6CvYREU/.0;server=general01000011;cloudType=Consumer;environment=Prod_SoutheastAsia_000j;migrationStage=NotStarted}
{"logTime": "0813/113325", "correlationVector":"lhWmUhRSuvWtWCpBPAcZjO","action":"Commit Request", "result":"", "context":Item count: 1
Contributing types: Sessions}
{"logTime": "0813/113326", "correlationVector":"lhWmUhRSuvWtWCpBPAcZjO.1","action":"SyncServerConnectionManagerRequest", "result":"SYNC_SERVER_OK", "context":{"environment":"Prod_SoutheastAsia_000j", "migrationStage":"NotStarted", "server":"GENERAL0100000S"}}
{"logTime": "0813/113326", "correlationVector":"lhWmUhRSuvWtWCpBPAcZjO.2","action":"Commit Response", "result":"SYNCER_OK", "context":Result: SYNCER_OK. cV=lhWmUhRSuvWtWCpBPAcZjO.0;server=GENERAL0100000S;cloudType=Consumer;environment=Prod_SoutheastAsia_000j;migrationStage=NotStarted}
{"logTime": "0813/113405", "correlationVector":"VuwYg890drhOxHlncG4+vS","action":"Commit Request", "result":"", "context":Item count: 1
Contributing types: Sessions}
{"logTime": "0813/113405", "correlationVector":"VuwYg890drhOxHlncG4+vS.1","action":"SyncServerConnectionManagerRequest", "result":"SYNC_SERVER_OK", "context":{"environment":"Prod_SoutheastAsia_000j", "migrationStage":"NotStarted", "server":"GENERAL0100000C"}}
{"logTime": "0813/113405", "correlationVector":"VuwYg890drhOxHlncG4+vS.2","action":"Commit Response", "result":"SYNCER_OK", "context":Result: SYNCER_OK. cV=VuwYg890drhOxHlncG4+vS.0;server=GENERAL0100000C;cloudType=Consumer;environment=Prod_SoutheastAsia_000j;migrationStage=NotStarted}
{"logTime": "0813/113453", "correlationVector":"WbLUNhLoNLK2rJ9sdoV2jk","action":"Commit Request", "result":"", "context":Item count: 1
Contributing types: Sessions}
{"logTime": "0813/113454", "correlationVector":"WbLUNhLoNLK2rJ9sdoV2jk.1","action":"SyncServerConnectionManagerRequest", "result":"SYNC_SERVER_OK", "context":{"environment":"Prod_SoutheastAsia_000j", "migrationStage":"NotStarted", "server":"GENERAL01000000"}}
{"logTime": "0813/113454", "correlationVector":"WbLUNhLoNLK2rJ9sdoV2jk.2","action":"Commit Response", "result":"SYNCER_OK", "context":Result: SYNCER_OK. cV=WbLUNhLoNLK2rJ9sdoV2jk.0;server=GENERAL01000000;cloudType=Consumer;environment=Prod_SoutheastAsia_000j;migrationStage=NotStarted}
{"logTime": "0813/113537", "correlationVector":"1GCZvwyaj1kMShib+4C1Op","action":"Commit Request", "result":"", "context":Item count: 1
Contributing types: Sessions}
{"logTime": "0813/113538", "correlationVector":"1GCZvwyaj1kMShib+4C1Op.1","action":"SyncServerConnectionManagerRequest", "result":"SYNC_SERVER_OK", "context":{"environment":"Prod_SoutheastAsia_000j", "migrationStage":"NotStarted", "server":"GENERAL0100000A"}}
{"logTime": "0813/113538", "correlationVector":"1GCZvwyaj1kMShib+4C1Op.2","action":"Commit Response", "result":"SYNCER_OK", "context":Result: SYNCER_OK. cV=1GCZvwyaj1kMShib+4C1Op.0;server=GENERAL0100000A;cloudType=Consumer;environment=Prod_SoutheastAsia_000j;migrationStage=NotStarted}
{"logTime": "0813/113610", "correlationVector":"CPr7D43DZMbtQLyazx4rLL","action":"Commit Request", "result":"", "context":Item count: 1
Contributing types: Sessions}
{"logTime": "0813/113611", "correlationVector":"CPr7D43DZMbtQLyazx4rLL.1","action":"SyncServerConnectionManagerRequest", "result":"SYNC_SERVER_OK", "context":{"environment":"Prod_SoutheastAsia_000j", "migrationStage":"NotStarted", "server":"GENERAL0100000E"}}
{"logTime": "0813/113611", "correlationVector":"CPr7D43DZMbtQLyazx4rLL.2","action":"Commit Response", "result":"SYNCER_OK", "context":Result: SYNCER_OK. cV=CPr7D43DZMbtQLyazx4rLL.0;server=GENERAL0100000E;cloudType=Consumer;environment=Prod_SoutheastAsia_000j;migrationStage=NotStarted}
{"logTime": "0813/113714", "correlationVector":"TedT/DrUO+q1cqx0bWI15o","action":"Commit Request", "result":"", "context":Item count: 1
Contributing types: Sessions}
{"logTime": "0813/113715", "correlationVector":"TedT/DrUO+q1cqx0bWI15o.1","action":"SyncServerConnectionManagerRequest", "result":"SYNC_SERVER_OK", "context":{"environment":"Prod_SoutheastAsia_000j", "migrationStage":"NotStarted", "server":"GENERAL0100001I"}}
{"logTime": "0813/113715", "correlationVector":"TedT/DrUO+q1cqx0bWI15o.2","action":"Commit Response", "result":"SYNCER_OK", "context":Result: SYNCER_OK. cV=TedT/DrUO+q1cqx0bWI15o.0;server=GENERAL0100001I;cloudType=Consumer;environment=Prod_SoutheastAsia_000j;migrationStage=NotStarted}
{"logTime": "0813/113821", "correlationVector":"SLTmISRyPONFhmAmUJhp3B","action":"Commit Request", "result":"", "context":Item count: 1
Contributing types: Sessions}
{"logTime": "0813/113822", "correlationVector":"SLTmISRyPONFhmAmUJhp3B.1","action":"SyncServerConnectionManagerRequest", "result":"SYNC_SERVER_OK", "context":{"environment":"Prod_SoutheastAsia_000j", "migrationStage":"NotStarted", "server":"GENERAL0100000X"}}
{"logTime": "0813/113822", "correlationVector":"SLTmISRyPONFhmAmUJhp3B.2","action":"Commit Response", "result":"SYNCER_OK", "context":Result: SYNCER_OK. cV=SLTmISRyPONFhmAmUJhp3B.0;server=GENERAL0100000X;cloudType=Consumer;environment=Prod_SoutheastAsia_000j;migrationStage=NotStarted}
{"logTime": "0813/113909", "correlationVector":"JdQ9aXTh2wd+MG1CY2NtKl","action":"Commit Request", "result":"", "context":Item count: 1
Contributing types: Sessions}
{"logTime": "0813/113910", "correlationVector":"JdQ9aXTh2wd+MG1CY2NtKl.1","action":"SyncServerConnectionManagerRequest", "result":"SYNC_SERVER_OK", "context":{"environment":"Prod_SoutheastAsia_000j", "migrationStage":"NotStarted", "server":"GENERAL01000000"}}
{"logTime": "0813/113910", "correlationVector":"JdQ9aXTh2wd+MG1CY2NtKl.2","action":"Commit Response", "result":"SYNCER_OK", "context":Result: SYNCER_OK. cV=JdQ9aXTh2wd+MG1CY2NtKl.0;server=GENERAL01000000;cloudType=Consumer;environment=Prod_SoutheastAsia_000j;migrationStage=NotStarted}
{"logTime": "0813/114015", "correlationVector":"D/6PsQXK8lkzD6Iy/80hZn","action":"Commit Request", "result":"", "context":Item count: 1
Contributing types: Sessions}
{"logTime": "0813/114016", "correlationVector":"D/6PsQXK8lkzD6Iy/80hZn.1","action":"SyncServerConnectionManagerRequest", "result":"SYNC_SERVER_OK", "context":{"environment":"Prod_SoutheastAsia_000j", "migrationStage":"NotStarted", "server":"GENERAL0100001L"}}
{"logTime": "0813/114016", "correlationVector":"D/6PsQXK8lkzD6Iy/80hZn.2","action":"Commit Response", "result":"SYNCER_OK", "context":Result: SYNCER_OK. cV=D/6PsQXK8lkzD6Iy/80hZn.0;server=GENERAL0100001L;cloudType=Consumer;environment=Prod_SoutheastAsia_000j;migrationStage=NotStarted}
{"logTime": "0813/114046", "correlationVector":"B8kRYBRAy6fU83aZrEv+Eq","action":"Commit Request", "result":"", "context":Item count: 1
Contributing types: Sessions}
{"logTime": "0813/114047", "correlationVector":"B8kRYBRAy6fU83aZrEv+Eq.1","action":"SyncServerConnectionManagerRequest", "result":"SYNC_SERVER_OK", "context":{"environment":"Prod_SoutheastAsia_000j", "migrationStage":"NotStarted", "server":"GENERAL0100001I"}}
{"logTime": "0813/114047", "correlationVector":"B8kRYBRAy6fU83aZrEv+Eq.2","action":"Commit Response", "result":"SYNCER_OK", "context":Result: SYNCER_OK. cV=B8kRYBRAy6fU83aZrEv+Eq.0;server=GENERAL0100001I;cloudType=Consumer;environment=Prod_SoutheastAsia_000j;migrationStage=NotStarted}
{"logTime": "0813/114154", "correlationVector":"vVVS/ijt+yhZNd5c9GeO/4","action":"Commit Request", "result":"", "context":Item count: 1
Contributing types: Sessions}
{"logTime": "0813/114155", "correlationVector":"vVVS/ijt+yhZNd5c9GeO/4.1","action":"SyncServerConnectionManagerRequest", "result":"SYNC_SERVER_OK", "context":{"environment":"Prod_SoutheastAsia_000j", "migrationStage":"NotStarted", "server":"GENERAL0100000U"}}
{"logTime": "0813/114155", "correlationVector":"vVVS/ijt+yhZNd5c9GeO/4.2","action":"Commit Response", "result":"SYNCER_OK", "context":Result: SYNCER_OK. cV=vVVS/ijt+yhZNd5c9GeO/4.0;server=GENERAL0100000U;cloudType=Consumer;environment=Prod_SoutheastAsia_000j;migrationStage=NotStarted}
{"logTime": "0813/114243", "correlationVector":"iZGWeiZOpYmt8wdGChxjv2","action":"Commit Request", "result":"", "context":Item count: 1
Contributing types: Sessions}
{"logTime": "0813/114244", "correlationVector":"iZGWeiZOpYmt8wdGChxjv2.1","action":"SyncServerConnectionManagerRequest", "result":"SYNC_SERVER_OK", "context":{"environment":"Prod_SoutheastAsia_000j", "migrationStage":"NotStarted", "server":"GENERAL01000009"}}
{"logTime": "0813/114244", "correlationVector":"iZGWeiZOpYmt8wdGChxjv2.2","action":"Commit Response", "result":"SYNCER_OK", "context":Result: SYNCER_OK. cV=iZGWeiZOpYmt8wdGChxjv2.0;server=GENERAL01000009;cloudType=Consumer;environment=Prod_SoutheastAsia_000j;migrationStage=NotStarted}
{"logTime": "0813/114331", "correlationVector":"XyGosrW1RXoMcWGwpqtvzp","action":"Commit Request", "result":"", "context":Item count: 1
Contributing types: Sessions}
{"logTime": "0813/114332", "correlationVector":"XyGosrW1RXoMcWGwpqtvzp.1","action":"SyncServerConnectionManagerRequest", "result":"SYNC_SERVER_OK", "context":{"environment":"Prod_SoutheastAsia_000j", "migrationStage":"NotStarted", "server":"GENERAL0100000Q"}}
{"logTime": "0813/114332", "correlationVector":"XyGosrW1RXoMcWGwpqtvzp.2","action":"Commit Response", "result":"SYNCER_OK", "context":Result: SYNCER_OK. cV=XyGosrW1RXoMcWGwpqtvzp.0;server=GENERAL0100000Q;cloudType=Consumer;environment=Prod_SoutheastAsia_000j;migrationStage=NotStarted}
{"logTime": "0813/114419", "correlationVector":"gaGM4i37kBvsg9Nu316MTR","action":"Commit Request", "result":"", "context":Item count: 1
Contributing types: Sessions}
{"logTime": "0813/114420", "correlationVector":"gaGM4i37kBvsg9Nu316MTR.1","action":"SyncServerConnectionManagerRequest", "result":"SYNC_SERVER_OK", "context":{"environment":"Prod_SoutheastAsia_000j", "migrationStage":"NotStarted", "server":"GENERAL01000007"}}
{"logTime": "0813/114420", "correlationVector":"gaGM4i37kBvsg9Nu316MTR.2","action":"Commit Response", "result":"SYNCER_OK", "context":Result: SYNCER_OK. cV=gaGM4i37kBvsg9Nu316MTR.0;server=GENERAL01000007;cloudType=Consumer;environment=Prod_SoutheastAsia_000j;migrationStage=NotStarted}
{"logTime": "0813/114536", "correlationVector":"YikBA/hgerLckHCIIfJ7UX","action":"Commit Request", "result":"", "context":Item count: 1
Contributing types: Sessions}
{"logTime": "0813/114537", "correlationVector":"YikBA/hgerLckHCIIfJ7UX.1","action":"SyncServerConnectionManagerRequest", "result":"SYNC_SERVER_OK", "context":{"environment":"Prod_SoutheastAsia_000j", "migrationStage":"NotStarted", "server":"GENERAL01000010"}}
{"logTime": "0813/114537", "correlationVector":"YikBA/hgerLckHCIIfJ7UX.2","action":"Commit Response", "result":"SYNCER_OK", "context":Result: SYNCER_OK. cV=YikBA/hgerLckHCIIfJ7UX.0;server=GENERAL01000010;cloudType=Consumer;environment=Prod_SoutheastAsia_000j;migrationStage=NotStarted}
{"logTime": "0813/114631", "correlationVector":"7dFgrq/cYeCDlJm/pehCLc","action":"Commit Request", "result":"", "context":Item count: 1
Contributing types: Sessions}
{"logTime": "0813/114631", "correlationVector":"7dFgrq/cYeCDlJm/pehCLc.1","action":"SyncServerConnectionManagerRequest", "result":"SYNC_SERVER_OK", "context":{"environment":"Prod_SoutheastAsia_000j", "migrationStage":"NotStarted", "server":"GENERAL0100000U"}}
{"logTime": "0813/114631", "correlationVector":"7dFgrq/cYeCDlJm/pehCLc.2","action":"Commit Response", "result":"SYNCER_OK", "context":Result: SYNCER_OK. cV=7dFgrq/cYeCDlJm/pehCLc.0;server=GENERAL0100000U;cloudType=Consumer;environment=Prod_SoutheastAsia_000j;migrationStage=NotStarted}
{"logTime": "0813/114746", "correlationVector":"9bZyfW35pVcfvgrWCaFwrQ","action":"Commit Request", "result":"", "context":Item count: 1
Contributing types: Sessions}
{"logTime": "0813/114747", "correlationVector":"9bZyfW35pVcfvgrWCaFwrQ.1","action":"SyncServerConnectionManagerRequest", "result":"SYNC_SERVER_OK", "context":{"environment":"Prod_SoutheastAsia_000j", "migrationStage":"NotStarted", "server":"GENERAL0100000S"}}
{"logTime": "0813/114747", "correlationVector":"9bZyfW35pVcfvgrWCaFwrQ.2","action":"Commit Response", "result":"SYNCER_OK", "context":Result: SYNCER_OK. cV=9bZyfW35pVcfvgrWCaFwrQ.0;server=GENERAL0100000S;cloudType=Consumer;environment=Prod_SoutheastAsia_000j;migrationStage=NotStarted}
{"logTime": "0813/114821", "correlationVector":"gJ3i+YEiFlvzJW1W9xMsMr","action":"Commit Request", "result":"", "context":Item count: 1
Contributing types: Sessions}
{"logTime": "0813/114821", "correlationVector":"gJ3i+YEiFlvzJW1W9xMsMr.1","action":"SyncServerConnectionManagerRequest", "result":"SYNC_SERVER_OK", "context":{"environment":"Prod_SoutheastAsia_000j", "migrationStage":"NotStarted", "server":"GENERAL01000000"}}
{"logTime": "0813/114821", "correlationVector":"gJ3i+YEiFlvzJW1W9xMsMr.2","action":"Commit Response", "result":"SYNCER_OK", "context":Result: SYNCER_OK. cV=gJ3i+YEiFlvzJW1W9xMsMr.0;server=GENERAL01000000;cloudType=Consumer;environment=Prod_SoutheastAsia_000j;migrationStage=NotStarted}
{"logTime": "0813/115317", "correlationVector":"ziWHrSyRizcIbpG6doN5Bk","action":"Commit Request", "result":"", "context":Item count: 1
Contributing types: Sessions}
{"logTime": "0813/115318", "correlationVector":"ziWHrSyRizcIbpG6doN5Bk.1","action":"SyncServerConnectionManagerRequest", "result":"SYNC_SERVER_OK", "context":{"environment":"Prod_SoutheastAsia_000j", "migrationStage":"NotStarted", "server":"GENERAL0100000N"}}
{"logTime": "0813/115318", "correlationVector":"ziWHrSyRizcIbpG6doN5Bk.2","action":"Commit Response", "result":"SYNCER_OK", "context":Result: SYNCER_OK. cV=ziWHrSyRizcIbpG6doN5Bk.0;server=GENERAL0100000N;cloudType=Consumer;environment=Prod_SoutheastAsia_000j;migrationStage=NotStarted}
{"logTime": "0813/115354", "correlationVector":"RWyU2t8NDg1MeZ5MZbTsV4","action":"Commit Request", "result":"", "context":Item count: 1
Contributing types: Sessions}
{"logTime": "0813/115355", "correlationVector":"RWyU2t8NDg1MeZ5MZbTsV4.1","action":"SyncServerConnectionManagerRequest", "result":"SYNC_SERVER_OK", "context":{"environment":"Prod_SoutheastAsia_000j", "migrationStage":"NotStarted", "server":"GENERAL0100000Z"}}
{"logTime": "0813/115355", "correlationVector":"RWyU2t8NDg1MeZ5MZbTsV4.2","action":"Commit Response", "result":"SYNCER_OK", "context":Result: SYNCER_OK. cV=RWyU2t8NDg1MeZ5MZbTsV4.0;server=GENERAL0100000Z;cloudType=Consumer;environment=Prod_SoutheastAsia_000j;migrationStage=NotStarted}
{"logTime": "0813/123327", "correlationVector":"+hSXUTAzBOT9QwAWX0lZor.0","action":"FeedSettingFetch_homeCloud", "result":"0", "context":{}}
{"logTime": "0813/123327", "correlationVector":"AGS/g6pFiPr49veMvNtOBD.1","action":"SyncServerConnectionManagerRequest", "result":"SYNC_SERVER_OK", "context":{"environment":"Prod_SoutheastAsia_000j", "migrationStage":"NotStarted", "server":"GENERAL0100001L"}}
{"logTime": "0813/123327", "correlationVector":"AGS/g6pFiPr49veMvNtOBD","action":"Initial GetUpdates", "result":"", "context":Reason: NEW_CLIENT. cV=AGS/g6pFiPr49veMvNtOBD}
{"logTime": "0813/123327", "correlationVector":"AGS/g6pFiPr49veMvNtOBD.2","action":"GetUpdates Response", "result":"SYNCER_OK", "context":Received 1 update(s). cV=AGS/g6pFiPr49veMvNtOBD.0;server=GENERAL0100001L;cloudType=Consumer;environment=Prod_SoutheastAsia_000j;migrationStage=NotStarted}
{"logTime": "0813/123327", "correlationVector":"keemEISbp6EZJjL8K9EUo5","action":"SyncServerConnectionManagerRequest", "result":"SYNC_SERVER_OK", "context":{"environment":"", "migrationStage":"", "server":""}}
{"logTime": "0813/123327", "correlationVector":"fAPTaZxhpukATYiRkPfBNh","action":"Initial GetUpdates", "result":"", "context":Reason: NEWLY_SUPPORTED_DATATYPE. cV=fAPTaZxhpukATYiRkPfBNh}
{"logTime": "0813/123327", "correlationVector":"fAPTaZxhpukATYiRkPfBNh.1","action":"SyncServerConnectionManagerRequest", "result":"SYNC_SERVER_OK", "context":{"environment":"Prod_SoutheastAsia_000j", "migrationStage":"NotStarted", "server":"GENERAL0100000W"}}
{"logTime": "0813/123327", "correlationVector":"fAPTaZxhpukATYiRkPfBNh.2","action":"GetUpdates", "result":"DeleteReceived", "context":{"id":"eddb1425-74c0-4451-b516-a71a37fb4879", "isDeleted:":"true", "version":"1685560435866"}}
{"logTime": "0813/123327", "correlationVector":"fAPTaZxhpukATYiRkPfBNh.3","action":"GetUpdates", "result":"DeleteReceived", "context":{"id":"7767ad23-6922-4cfe-aac8-bf7957c7cd38", "isDeleted:":"true", "version":"1685560459044"}}
{"logTime": "0813/123327", "correlationVector":"fAPTaZxhpukATYiRkPfBNh.4","action":"GetUpdates Response", "result":"SYNCER_OK", "context":Received 5 update(s). cV=fAPTaZxhpukATYiRkPfBNh.0;server=GENERAL0100000W;cloudType=Consumer;environment=Prod_SoutheastAsia_000j;migrationStage=NotStarted}
{"logTime": "0813/123327", "correlationVector":"PHWA7zKPE7p7EW8trYlTKM","action":"Normal GetUpdate request", "result":"", "context":cV=PHWA7zKPE7p7EW8trYlTKM
Nudged types: Sessions, User Consents
Refresh requested types: Bookmarks, Preferences, Passwords, Autofill Profiles, Autofill, Autofill Custom Data, Typed URLs, Extensions, Sessions, Extension settings, History Delete Directives, Device Info, User Consents, Send Tab To Self, Web Apps, Collection, Edge E Drop, Edge Hub App Usage, Encryption Keys}
{"logTime": "0813/123327", "correlationVector":"PHWA7zKPE7p7EW8trYlTKM.1","action":"SyncServerConnectionManagerRequest", "result":"SYNC_SERVER_OK", "context":{"environment":"Prod_SoutheastAsia_000j", "migrationStage":"NotStarted", "server":"GENERAL0100001L"}}
{"logTime": "0813/123327", "correlationVector":"PHWA7zKPE7p7EW8trYlTKM.2","action":"GetUpdates Response", "result":"SYNCER_OK", "context":Received 1 update(s). cV=PHWA7zKPE7p7EW8trYlTKM.0;server=GENERAL0100001L;cloudType=Consumer;environment=Prod_SoutheastAsia_000j;migrationStage=NotStarted}
{"logTime": "0813/123327", "correlationVector":"XIEoRoGeW2/rfjKxZfU1jt","action":"Commit Request", "result":"", "context":Item count: 4
Contributing types: Sessions, User Consents}
{"logTime": "0813/123327", "correlationVector":"XIEoRoGeW2/rfjKxZfU1jt.1","action":"SyncServerConnectionManagerRequest", "result":"SYNC_SERVER_OK", "context":{"environment":"Prod_SoutheastAsia_000j", "migrationStage":"NotStarted", "server":"GENERAL0100000N"}}
{"logTime": "0813/123327", "correlationVector":"XIEoRoGeW2/rfjKxZfU1jt.2","action":"Commit Response", "result":"SYNCER_OK", "context":Result: SYNCER_OK. cV=XIEoRoGeW2/rfjKxZfU1jt.0;server=GENERAL0100000N;cloudType=Consumer;environment=Prod_SoutheastAsia_000j;migrationStage=NotStarted}
{"logTime": "0813/123327", "correlationVector":"XIEoRoGeW2/rfjKxZfU1jt.3","action":"Commit.Sessions", "result":"Success", "context":{"id":"47709c7a-c67b-4367-bfc3-de7957fb567c", "isDeleted":"true", "size":"0", "version":"1691927632688"}}
{"logTime": "0813/123327", "correlationVector":"0XhL2wHAqxQj78uPgd4u3f","action":"Normal GetUpdate request", "result":"", "context":cV=0XhL2wHAqxQj78uPgd4u3f
Nudged types: Sessions}
{"logTime": "0813/123327", "correlationVector":"0XhL2wHAqxQj78uPgd4u3f.1","action":"SyncServerConnectionManagerRequest", "result":"SYNC_SERVER_OK", "context":{"environment":"Prod_SoutheastAsia_000j", "migrationStage":"NotStarted", "server":"GENERAL0100000K"}}
{"logTime": "0813/123327", "correlationVector":"0XhL2wHAqxQj78uPgd4u3f.2","action":"GetUpdates", "result":"DeleteReceived", "context":{"id":"47709c7a-c67b-4367-bfc3-de7957fb567c", "isDeleted:":"true", "version":"1691929949412"}}
{"logTime": "0813/123327", "correlationVector":"0XhL2wHAqxQj78uPgd4u3f.3","action":"GetUpdates Response", "result":"SYNCER_OK", "context":Received 3 update(s). cV=0XhL2wHAqxQj78uPgd4u3f.0;server=GENERAL0100000K;cloudType=Consumer;environment=Prod_SoutheastAsia_000j;migrationStage=NotStarted}
{"logTime": "0813/123327", "correlationVector":"DU8lxpeOusGsJoDi0BBmzo","action":"Commit Request", "result":"", "context":Item count: 1
Contributing types: Sessions}
{"logTime": "0813/123327", "correlationVector":"DU8lxpeOusGsJoDi0BBmzo.1","action":"SyncServerConnectionManagerRequest", "result":"SYNC_SERVER_OK", "context":{"environment":"Prod_SoutheastAsia_000j", "migrationStage":"NotStarted", "server":"GENERAL0100000F"}}
{"logTime": "0813/123327", "correlationVector":"DU8lxpeOusGsJoDi0BBmzo.2","action":"Commit Response", "result":"SYNCER_OK", "context":Result: SYNCER_OK. cV=DU8lxpeOusGsJoDi0BBmzo.0;server=GENERAL0100000F;cloudType=Consumer;environment=Prod_SoutheastAsia_000j;migrationStage=NotStarted}
{"logTime": "0813/123333", "correlationVector":"HGEy6ZqBL51okcvVWp8MhR","action":"Normal GetUpdate request", "result":"", "context":cV=HGEy6ZqBL51okcvVWp8MhR
Nudged types: Sessions}
{"logTime": "0813/123333", "correlationVector":"HGEy6ZqBL51okcvVWp8MhR.1","action":"SyncServerConnectionManagerRequest", "result":"SYNC_SERVER_OK", "context":{"environment":"Prod_SoutheastAsia_000j", "migrationStage":"NotStarted", "server":"GENERAL0100000H"}}
{"logTime": "0813/123333", "correlationVector":"HGEy6ZqBL51okcvVWp8MhR.2","action":"GetUpdates Response", "result":"SYNCER_OK", "context":Received 1 update(s). cV=HGEy6ZqBL51okcvVWp8MhR.0;server=GENERAL0100000H;cloudType=Consumer;environment=Prod_SoutheastAsia_000j;migrationStage=NotStarted}
{"logTime": "0813/123637", "correlationVector":"Rjz0klymhxkMvS4bwsliO+","action":"Commit Request", "result":"", "context":Item count: 1
Contributing types: Sessions}
{"logTime": "0813/123638", "correlationVector":"Rjz0klymhxkMvS4bwsliO+.1","action":"SyncServerConnectionManagerRequest", "result":"SYNC_SERVER_OK", "context":{"environment":"Prod_SoutheastAsia_000j", "migrationStage":"NotStarted", "server":"GENERAL0100000R"}}
{"logTime": "0813/123638", "correlationVector":"Rjz0klymhxkMvS4bwsliO+.2","action":"Commit Response", "result":"SYNCER_OK", "context":Result: SYNCER_OK. cV=Rjz0klymhxkMvS4bwsliO+.0;server=GENERAL0100000R;cloudType=Consumer;environment=Prod_SoutheastAsia_000j;migrationStage=NotStarted}
{"logTime": "0813/123725", "correlationVector":"btfnM4CwlJwKhjCbFfMTtc","action":"Commit Request", "result":"", "context":Item count: 1
Contributing types: Sessions}
{"logTime": "0813/123726", "correlationVector":"btfnM4CwlJwKhjCbFfMTtc.1","action":"SyncServerConnectionManagerRequest", "result":"SYNC_SERVER_OK", "context":{"environment":"Prod_SoutheastAsia_000j", "migrationStage":"NotStarted", "server":"GENERAL01000016"}}
{"logTime": "0813/123726", "correlationVector":"btfnM4CwlJwKhjCbFfMTtc.2","action":"Commit Response", "result":"SYNCER_OK", "context":Result: SYNCER_OK. cV=btfnM4CwlJwKhjCbFfMTtc.0;server=GENERAL01000016;cloudType=Consumer;environment=Prod_SoutheastAsia_000j;migrationStage=NotStarted}
{"logTime": "0813/123920", "correlationVector":"B/ACCpgeI6J1jFU/2Gz1Pq","action":"Commit Request", "result":"", "context":Item count: 1
Contributing types: Sessions}
{"logTime": "0813/123923", "correlationVector":"B/ACCpgeI6J1jFU/2Gz1Pq.1","action":"SyncServerConnectionManagerRequest", "result":"SYNC_SERVER_OK", "context":{"environment":"Prod_SoutheastAsia_000j", "migrationStage":"NotStarted", "server":"GENERAL0100000S"}}
{"logTime": "0813/123923", "correlationVector":"B/ACCpgeI6J1jFU/2Gz1Pq.2","action":"Commit Response", "result":"SYNCER_OK", "context":Result: SYNCER_OK. cV=B/ACCpgeI6J1jFU/2Gz1Pq.0;server=GENERAL0100000S;cloudType=Consumer;environment=Prod_SoutheastAsia_000j;migrationStage=NotStarted}
{"logTime": "0813/124049", "correlationVector":"znlmhkUAf30cjHY8k0+O7W","action":"Commit Request", "result":"", "context":Item count: 1
Contributing types: Sessions}
{"logTime": "0813/124050", "correlationVector":"znlmhkUAf30cjHY8k0+O7W.1","action":"SyncServerConnectionManagerRequest", "result":"SYNC_SERVER_OK", "context":{"environment":"Prod_SoutheastAsia_000j", "migrationStage":"NotStarted", "server":"GENERAL0100000P"}}
{"logTime": "0813/124050", "correlationVector":"znlmhkUAf30cjHY8k0+O7W.2","action":"Commit Response", "result":"SYNCER_OK", "context":Result: SYNCER_OK. cV=znlmhkUAf30cjHY8k0+O7W.0;server=GENERAL0100000P;cloudType=Consumer;environment=Prod_SoutheastAsia_000j;migrationStage=NotStarted}
{"logTime": "0813/124127", "correlationVector":"x6ymWNu4IGgj+adkrvl01D","action":"Commit Request", "result":"", "context":Item count: 1
Contributing types: Sessions}
{"logTime": "0813/124128", "correlationVector":"x6ymWNu4IGgj+adkrvl01D.1","action":"SyncServerConnectionManagerRequest", "result":"SYNC_SERVER_OK", "context":{"environment":"Prod_SoutheastAsia_000j", "migrationStage":"NotStarted", "server":"GENERAL0100000J"}}
{"logTime": "0813/124128", "correlationVector":"x6ymWNu4IGgj+adkrvl01D.2","action":"Commit Response", "result":"SYNCER_OK", "context":Result: SYNCER_OK. cV=x6ymWNu4IGgj+adkrvl01D.0;server=GENERAL0100000J;cloudType=Consumer;environment=Prod_SoutheastAsia_000j;migrationStage=NotStarted}
{"logTime": "0813/124159", "correlationVector":"lvMo0GRdqS1J7zgUNlzzbd","action":"Commit Request", "result":"", "context":Item count: 1
Contributing types: Sessions}
{"logTime": "0813/124200", "correlationVector":"lvMo0GRdqS1J7zgUNlzzbd.1","action":"SyncServerConnectionManagerRequest", "result":"SYNC_SERVER_OK", "context":{"environment":"Prod_SoutheastAsia_000j", "migrationStage":"NotStarted", "server":"GENERAL01000015"}}
{"logTime": "0813/124200", "correlationVector":"lvMo0GRdqS1J7zgUNlzzbd.2","action":"Commit Response", "result":"SYNCER_OK", "context":Result: SYNCER_OK. cV=lvMo0GRdqS1J7zgUNlzzbd.0;server=GENERAL01000015;cloudType=Consumer;environment=Prod_SoutheastAsia_000j;migrationStage=NotStarted}
{"logTime": "0813/124243", "correlationVector":"zkFLAsRPbDJ2QvjNjPnMlp","action":"Commit Request", "result":"", "context":Item count: 1
Contributing types: Sessions}
{"logTime": "0813/124244", "correlationVector":"zkFLAsRPbDJ2QvjNjPnMlp.1","action":"SyncServerConnectionManagerRequest", "result":"SYNC_SERVER_OK", "context":{"environment":"Prod_SoutheastAsia_000j", "migrationStage":"NotStarted", "server":"GENERAL0100000U"}}
{"logTime": "0813/124244", "correlationVector":"zkFLAsRPbDJ2QvjNjPnMlp.2","action":"Commit Response", "result":"SYNCER_OK", "context":Result: SYNCER_OK. cV=zkFLAsRPbDJ2QvjNjPnMlp.0;server=GENERAL0100000U;cloudType=Consumer;environment=Prod_SoutheastAsia_000j;migrationStage=NotStarted}
{"logTime": "0813/124643", "correlationVector":"Q3gUs0xRsz6jY+yqkN6Bpm","action":"Commit Request", "result":"", "context":Item count: 1
Contributing types: Sessions}
{"logTime": "0813/124644", "correlationVector":"Q3gUs0xRsz6jY+yqkN6Bpm.1","action":"SyncServerConnectionManagerRequest", "result":"SYNC_SERVER_OK", "context":{"environment":"Prod_SoutheastAsia_000j", "migrationStage":"NotStarted", "server":"GENERAL0100000U"}}
{"logTime": "0813/124644", "correlationVector":"Q3gUs0xRsz6jY+yqkN6Bpm.2","action":"Commit Response", "result":"SYNCER_OK", "context":Result: SYNCER_OK. cV=Q3gUs0xRsz6jY+yqkN6Bpm.0;server=GENERAL0100000U;cloudType=Consumer;environment=Prod_SoutheastAsia_000j;migrationStage=NotStarted}
{"logTime": "0813/124736", "correlationVector":"fm8mrf794l/RuYxMpg+F6u","action":"Commit Request", "result":"", "context":Item count: 1
Contributing types: Sessions}
{"logTime": "0813/124737", "correlationVector":"fm8mrf794l/RuYxMpg+F6u.1","action":"SyncServerConnectionManagerRequest", "result":"SYNC_SERVER_OK", "context":{"environment":"Prod_SoutheastAsia_000j", "migrationStage":"NotStarted", "server":"GENERAL0100000R"}}
{"logTime": "0813/124737", "correlationVector":"fm8mrf794l/RuYxMpg+F6u.2","action":"Commit Response", "result":"SYNCER_OK", "context":Result: SYNCER_OK. cV=fm8mrf794l/RuYxMpg+F6u.0;server=GENERAL0100000R;cloudType=Consumer;environment=Prod_SoutheastAsia_000j;migrationStage=NotStarted}
{"logTime": "0813/131807", "correlationVector":"v4SJyWQmSRk8xoCDe8KjA7","action":"Commit Request", "result":"", "context":Item count: 1
Contributing types: Sessions}
{"logTime": "0813/131808", "correlationVector":"v4SJyWQmSRk8xoCDe8KjA7.1","action":"SyncServerConnectionManagerRequest", "result":"SYNC_SERVER_OK", "context":{"environment":"Prod_SoutheastAsia_000j", "migrationStage":"NotStarted", "server":"GENERAL0100001C"}}
{"logTime": "0813/131808", "correlationVector":"v4SJyWQmSRk8xoCDe8KjA7.2","action":"Commit Response", "result":"SYNCER_OK", "context":Result: SYNCER_OK. cV=v4SJyWQmSRk8xoCDe8KjA7.0;server=GENERAL0100001C;cloudType=Consumer;environment=Prod_SoutheastAsia_000j;migrationStage=NotStarted}
{"logTime": "0813/131938", "correlationVector":"NDDYbqiUq+8WMkNwcd28GB","action":"Commit Request", "result":"", "context":Item count: 1
Contributing types: Sessions}
{"logTime": "0813/131939", "correlationVector":"NDDYbqiUq+8WMkNwcd28GB.1","action":"SyncServerConnectionManagerRequest", "result":"SYNC_SERVER_OK", "context":{"environment":"Prod_SoutheastAsia_000j", "migrationStage":"NotStarted", "server":"GENERAL0100001B"}}
{"logTime": "0813/131939", "correlationVector":"NDDYbqiUq+8WMkNwcd28GB.2","action":"Commit Response", "result":"SYNCER_OK", "context":Result: SYNCER_OK. cV=NDDYbqiUq+8WMkNwcd28GB.0;server=GENERAL0100001B;cloudType=Consumer;environment=Prod_SoutheastAsia_000j;migrationStage=NotStarted}
{"logTime": "0813/132108", "correlationVector":"B2p8jFZqNIVQvzM8ERtDUZ","action":"Commit Request", "result":"", "context":Item count: 1
Contributing types: Sessions}
{"logTime": "0813/132109", "correlationVector":"B2p8jFZqNIVQvzM8ERtDUZ.1","action":"SyncServerConnectionManagerRequest", "result":"SYNC_SERVER_OK", "context":{"environment":"Prod_SoutheastAsia_000j", "migrationStage":"NotStarted", "server":"GENERAL0100000X"}}
{"logTime": "0813/132109", "correlationVector":"B2p8jFZqNIVQvzM8ERtDUZ.2","action":"Commit Response", "result":"SYNCER_OK", "context":Result: SYNCER_OK. cV=B2p8jFZqNIVQvzM8ERtDUZ.0;server=GENERAL0100000X;cloudType=Consumer;environment=Prod_SoutheastAsia_000j;migrationStage=NotStarted}
{"logTime": "0813/132139", "correlationVector":"xdbseXuJPXPfgV3kC0HDGo","action":"Commit Request", "result":"", "context":Item count: 1
Contributing types: Sessions}
{"logTime": "0813/132140", "correlationVector":"xdbseXuJPXPfgV3kC0HDGo.1","action":"SyncServerConnectionManagerRequest", "result":"SYNC_SERVER_OK", "context":{"environment":"Prod_SoutheastAsia_000j", "migrationStage":"NotStarted", "server":"GENERAL0100000J"}}
{"logTime": "0813/132140", "correlationVector":"xdbseXuJPXPfgV3kC0HDGo.2","action":"Commit Response", "result":"SYNCER_OK", "context":Result: SYNCER_OK. cV=xdbseXuJPXPfgV3kC0HDGo.0;server=GENERAL0100000J;cloudType=Consumer;environment=Prod_SoutheastAsia_000j;migrationStage=NotStarted}
{"logTime": "0813/132219", "correlationVector":"kNgH8LBlJXoY7GGu3TBWxi","action":"Commit Request", "result":"", "context":Item count: 1
Contributing types: Sessions}
{"logTime": "0813/132220", "correlationVector":"kNgH8LBlJXoY7GGu3TBWxi.1","action":"SyncServerConnectionManagerRequest", "result":"SYNC_SERVER_OK", "context":{"environment":"Prod_SoutheastAsia_000j", "migrationStage":"NotStarted", "server":"general01000014"}}
{"logTime": "0813/132220", "correlationVector":"kNgH8LBlJXoY7GGu3TBWxi.2","action":"Commit Response", "result":"SYNCER_OK", "context":Result: SYNCER_OK. cV=kNgH8LBlJXoY7GGu3TBWxi.0;server=general01000014;cloudType=Consumer;environment=Prod_SoutheastAsia_000j;migrationStage=NotStarted}
{"logTime": "0813/132254", "correlationVector":"TyaeZEvi2S6YidUlH8KfMi","action":"Commit Request", "result":"", "context":Item count: 1
Contributing types: Sessions}
{"logTime": "0813/132255", "correlationVector":"TyaeZEvi2S6YidUlH8KfMi.1","action":"SyncServerConnectionManagerRequest", "result":"SYNC_SERVER_OK", "context":{"environment":"Prod_SoutheastAsia_000j", "migrationStage":"NotStarted", "server":"GENERAL0100000H"}}
{"logTime": "0813/132255", "correlationVector":"TyaeZEvi2S6YidUlH8KfMi.2","action":"Commit Response", "result":"SYNCER_OK", "context":Result: SYNCER_OK. cV=TyaeZEvi2S6YidUlH8KfMi.0;server=GENERAL0100000H;cloudType=Consumer;environment=Prod_SoutheastAsia_000j;migrationStage=NotStarted}
{"logTime": "0813/132411", "correlationVector":"UnBA99blcZqYNN4cLK5nSX","action":"Commit Request", "result":"", "context":Item count: 1
Contributing types: Sessions}
{"logTime": "0813/132412", "correlationVector":"UnBA99blcZqYNN4cLK5nSX.1","action":"SyncServerConnectionManagerRequest", "result":"SYNC_SERVER_OK", "context":{"environment":"Prod_SoutheastAsia_000j", "migrationStage":"NotStarted", "server":"GENERAL01000013"}}
{"logTime": "0813/132412", "correlationVector":"UnBA99blcZqYNN4cLK5nSX.2","action":"Commit Response", "result":"SYNCER_OK", "context":Result: SYNCER_OK. cV=UnBA99blcZqYNN4cLK5nSX.0;server=GENERAL01000013;cloudType=Consumer;environment=Prod_SoutheastAsia_000j;migrationStage=NotStarted}
{"logTime": "0813/132446", "correlationVector":"+kWnomprC0eifUo0svWfo1","action":"Commit Request", "result":"", "context":Item count: 1
Contributing types: Sessions}
{"logTime": "0813/132447", "correlationVector":"+kWnomprC0eifUo0svWfo1.1","action":"SyncServerConnectionManagerRequest", "result":"SYNC_SERVER_OK", "context":{"environment":"Prod_SoutheastAsia_000j", "migrationStage":"NotStarted", "server":"GENERAL0100001J"}}
{"logTime": "0813/132447", "correlationVector":"+kWnomprC0eifUo0svWfo1.2","action":"Commit Response", "result":"SYNCER_OK", "context":Result: SYNCER_OK. cV=+kWnomprC0eifUo0svWfo1.0;server=GENERAL0100001J;cloudType=Consumer;environment=Prod_SoutheastAsia_000j;migrationStage=NotStarted}
{"logTime": "0813/132548", "correlationVector":"ilLmBlkJIlB82VkwaIlgAa","action":"Commit Request", "result":"", "context":Item count: 1
Contributing types: Sessions}
{"logTime": "0813/132549", "correlationVector":"ilLmBlkJIlB82VkwaIlgAa.1","action":"SyncServerConnectionManagerRequest", "result":"SYNC_SERVER_OK", "context":{"environment":"Prod_SoutheastAsia_000j", "migrationStage":"NotStarted", "server":"general01000014"}}
{"logTime": "0813/132549", "correlationVector":"ilLmBlkJIlB82VkwaIlgAa.2","action":"Commit Response", "result":"SYNCER_OK", "context":Result: SYNCER_OK. cV=ilLmBlkJIlB82VkwaIlgAa.0;server=general01000014;cloudType=Consumer;environment=Prod_SoutheastAsia_000j;migrationStage=NotStarted}
{"logTime": "0813/132703", "correlationVector":"4Ecqz3rLM2B876wbLNr2uC","action":"Commit Request", "result":"", "context":Item count: 1
Contributing types: Sessions}
{"logTime": "0813/132704", "correlationVector":"4Ecqz3rLM2B876wbLNr2uC.1","action":"SyncServerConnectionManagerRequest", "result":"SYNC_SERVER_OK", "context":{"environment":"Prod_SoutheastAsia_000j", "migrationStage":"NotStarted", "server":"GENERAL0100001F"}}
{"logTime": "0813/132704", "correlationVector":"4Ecqz3rLM2B876wbLNr2uC.2","action":"Commit Response", "result":"SYNCER_OK", "context":Result: SYNCER_OK. cV=4Ecqz3rLM2B876wbLNr2uC.0;server=GENERAL0100001F;cloudType=Consumer;environment=Prod_SoutheastAsia_000j;migrationStage=NotStarted}
{"logTime": "0813/133030", "correlationVector":"PcwkpiLZtYBj9X8G7vH1dM","action":"Commit Request", "result":"", "context":Item count: 1
Contributing types: Sessions}
{"logTime": "0813/133031", "correlationVector":"PcwkpiLZtYBj9X8G7vH1dM.1","action":"SyncServerConnectionManagerRequest", "result":"SYNC_SERVER_OK", "context":{"environment":"Prod_SoutheastAsia_000j", "migrationStage":"NotStarted", "server":"GENERAL0100000P"}}
{"logTime": "0813/133031", "correlationVector":"PcwkpiLZtYBj9X8G7vH1dM.2","action":"Commit Response", "result":"SYNCER_OK", "context":Result: SYNCER_OK. cV=PcwkpiLZtYBj9X8G7vH1dM.0;server=GENERAL0100000P;cloudType=Consumer;environment=Prod_SoutheastAsia_000j;migrationStage=NotStarted}
{"logTime": "0813/133206", "correlationVector":"Rfwc0iRtVIqpaD5GrFk8dX","action":"Commit Request", "result":"", "context":Item count: 1
Contributing types: Sessions}
{"logTime": "0813/133207", "correlationVector":"Rfwc0iRtVIqpaD5GrFk8dX.1","action":"SyncServerConnectionManagerRequest", "result":"SYNC_SERVER_OK", "context":{"environment":"Prod_SoutheastAsia_000j", "migrationStage":"NotStarted", "server":"GENERAL0100000G"}}
{"logTime": "0813/133207", "correlationVector":"Rfwc0iRtVIqpaD5GrFk8dX.2","action":"Commit Response", "result":"SYNCER_OK", "context":Result: SYNCER_OK. cV=Rfwc0iRtVIqpaD5GrFk8dX.0;server=GENERAL0100000G;cloudType=Consumer;environment=Prod_SoutheastAsia_000j;migrationStage=NotStarted}
{"logTime": "0813/133318", "correlationVector":"AdyegjWeIvI9pXGo0bRDN8","action":"Commit Request", "result":"", "context":Item count: 1
Contributing types: Sessions}
{"logTime": "0813/133319", "correlationVector":"AdyegjWeIvI9pXGo0bRDN8.1","action":"SyncServerConnectionManagerRequest", "result":"SYNC_SERVER_OK", "context":{"environment":"Prod_SoutheastAsia_000j", "migrationStage":"NotStarted", "server":"GENERAL0100000R"}}
{"logTime": "0813/133319", "correlationVector":"AdyegjWeIvI9pXGo0bRDN8.2","action":"Commit Response", "result":"SYNCER_OK", "context":Result: SYNCER_OK. cV=AdyegjWeIvI9pXGo0bRDN8.0;server=GENERAL0100000R;cloudType=Consumer;environment=Prod_SoutheastAsia_000j;migrationStage=NotStarted}
{"logTime": "0813/133903", "correlationVector":"oLu/9DOcx1XOWqFzY1ApqN","action":"Commit Request", "result":"", "context":Item count: 1
Contributing types: Sessions}
{"logTime": "0813/133904", "correlationVector":"oLu/9DOcx1XOWqFzY1ApqN.1","action":"SyncServerConnectionManagerRequest", "result":"SYNC_SERVER_OK", "context":{"environment":"Prod_SoutheastAsia_000j", "migrationStage":"NotStarted", "server":"GENERAL01000008"}}
{"logTime": "0813/133904", "correlationVector":"oLu/9DOcx1XOWqFzY1ApqN.2","action":"Commit Response", "result":"SYNCER_OK", "context":Result: SYNCER_OK. cV=oLu/9DOcx1XOWqFzY1ApqN.0;server=GENERAL01000008;cloudType=Consumer;environment=Prod_SoutheastAsia_000j;migrationStage=NotStarted}
{"logTime": "0813/133946", "correlationVector":"rcGr7XsC2k5sh7bPghUKeu","action":"Commit Request", "result":"", "context":Item count: 1
Contributing types: Sessions}
{"logTime": "0813/133947", "correlationVector":"rcGr7XsC2k5sh7bPghUKeu.1","action":"SyncServerConnectionManagerRequest", "result":"SYNC_SERVER_OK", "context":{"environment":"Prod_SoutheastAsia_000j", "migrationStage":"NotStarted", "server":"GENERAL0100001F"}}
{"logTime": "0813/133947", "correlationVector":"rcGr7XsC2k5sh7bPghUKeu.2","action":"Commit Response", "result":"SYNCER_OK", "context":Result: SYNCER_OK. cV=rcGr7XsC2k5sh7bPghUKeu.0;server=GENERAL0100001F;cloudType=Consumer;environment=Prod_SoutheastAsia_000j;migrationStage=NotStarted}
{"logTime": "0813/134021", "correlationVector":"YXfIpQBd6aVE1ZraPK5AtM","action":"Commit Request", "result":"", "context":Item count: 1
Contributing types: Sessions}
{"logTime": "0813/134021", "correlationVector":"YXfIpQBd6aVE1ZraPK5AtM.1","action":"SyncServerConnectionManagerRequest", "result":"SYNC_SERVER_OK", "context":{"environment":"Prod_SoutheastAsia_000j", "migrationStage":"NotStarted", "server":"GENERAL0100001E"}}
{"logTime": "0813/134021", "correlationVector":"YXfIpQBd6aVE1ZraPK5AtM.2","action":"Commit Response", "result":"SYNCER_OK", "context":Result: SYNCER_OK. cV=YXfIpQBd6aVE1ZraPK5AtM.0;server=GENERAL0100001E;cloudType=Consumer;environment=Prod_SoutheastAsia_000j;migrationStage=NotStarted}
{"logTime": "0813/134319", "correlationVector":"t9tskH9Pfe6r4Y50xWAgoj","action":"Commit Request", "result":"", "context":Item count: 1
Contributing types: Sessions}
{"logTime": "0813/134320", "correlationVector":"t9tskH9Pfe6r4Y50xWAgoj.1","action":"SyncServerConnectionManagerRequest", "result":"SYNC_SERVER_OK", "context":{"environment":"Prod_SoutheastAsia_000j", "migrationStage":"NotStarted", "server":"GENERAL0100000V"}}
{"logTime": "0813/134320", "correlationVector":"t9tskH9Pfe6r4Y50xWAgoj.2","action":"Commit Response", "result":"SYNCER_OK", "context":Result: SYNCER_OK. cV=t9tskH9Pfe6r4Y50xWAgoj.0;server=GENERAL0100000V;cloudType=Consumer;environment=Prod_SoutheastAsia_000j;migrationStage=NotStarted}
{"logTime": "0813/134353", "correlationVector":"XbaO42vEI9//vfBIyR6ydS","action":"Commit Request", "result":"", "context":Item count: 1
Contributing types: Sessions}
{"logTime": "0813/134354", "correlationVector":"XbaO42vEI9//vfBIyR6ydS.1","action":"SyncServerConnectionManagerRequest", "result":"SYNC_SERVER_OK", "context":{"environment":"Prod_SoutheastAsia_000j", "migrationStage":"NotStarted", "server":"GENERAL0100000Z"}}
{"logTime": "0813/134354", "correlationVector":"XbaO42vEI9//vfBIyR6ydS.2","action":"Commit Response", "result":"SYNCER_OK", "context":Result: SYNCER_OK. cV=XbaO42vEI9//vfBIyR6ydS.0;server=GENERAL0100000Z;cloudType=Consumer;environment=Prod_SoutheastAsia_000j;migrationStage=NotStarted}
{"logTime": "0813/162709", "correlationVector":"mmbkyK3Mgdg8uP+XrJJML0","action":"Commit Request", "result":"", "context":Item count: 1
Contributing types: Sessions}
{"logTime": "0813/162710", "correlationVector":"mmbkyK3Mgdg8uP+XrJJML0.1","action":"SyncServerConnectionManagerRequest", "result":"SYNC_SERVER_OK", "context":{"environment":"Prod_SoutheastAsia_000j", "migrationStage":"NotStarted", "server":"GENERAL01000013"}}
{"logTime": "0813/162710", "correlationVector":"mmbkyK3Mgdg8uP+XrJJML0.2","action":"Commit Response", "result":"SYNCER_OK", "context":Result: SYNCER_OK. cV=mmbkyK3Mgdg8uP+XrJJML0.0;server=GENERAL01000013;cloudType=Consumer;environment=Prod_SoutheastAsia_000j;migrationStage=NotStarted}
{"logTime": "0813/162924", "correlationVector":"aDgadNa+ONRUWs9FZ9+GhZ","action":"Commit Request", "result":"", "context":Item count: 1
Contributing types: Sessions}
{"logTime": "0813/162925", "correlationVector":"aDgadNa+ONRUWs9FZ9+GhZ.1","action":"SyncServerConnectionManagerRequest", "result":"SYNC_SERVER_OK", "context":{"environment":"Prod_SoutheastAsia_000j", "migrationStage":"NotStarted", "server":"GENERAL0100001E"}}
{"logTime": "0813/162925", "correlationVector":"aDgadNa+ONRUWs9FZ9+GhZ.2","action":"Commit Response", "result":"SYNCER_OK", "context":Result: SYNCER_OK. cV=aDgadNa+ONRUWs9FZ9+GhZ.0;server=GENERAL0100001E;cloudType=Consumer;environment=Prod_SoutheastAsia_000j;migrationStage=NotStarted}
{"logTime": "0813/164340", "correlationVector":"O8DhJIEeMVVYtrhkt9Ercw","action":"Commit Request", "result":"", "context":Item count: 1
Contributing types: Sessions}
{"logTime": "0813/164342", "correlationVector":"O8DhJIEeMVVYtrhkt9Ercw.1","action":"SyncServerConnectionManagerRequest", "result":"SYNC_SERVER_OK", "context":{"environment":"Prod_SoutheastAsia_000j", "migrationStage":"NotStarted", "server":"GENERAL0100000C"}}
{"logTime": "0813/164342", "correlationVector":"O8DhJIEeMVVYtrhkt9Ercw.2","action":"Commit Response", "result":"SYNCER_OK", "context":Result: SYNCER_OK. cV=O8DhJIEeMVVYtrhkt9Ercw.0;server=GENERAL0100000C;cloudType=Consumer;environment=Prod_SoutheastAsia_000j;migrationStage=NotStarted}
{"logTime": "0813/164638", "correlationVector":"sOMwgJVVbZOWtrHCr4Gzkp","action":"Commit Request", "result":"", "context":Item count: 1
Contributing types: Sessions}
{"logTime": "0813/164639", "correlationVector":"sOMwgJVVbZOWtrHCr4Gzkp.1","action":"SyncServerConnectionManagerRequest", "result":"SYNC_SERVER_OK", "context":{"environment":"Prod_SoutheastAsia_000j", "migrationStage":"NotStarted", "server":"GENERAL0100000L"}}
{"logTime": "0813/164639", "correlationVector":"sOMwgJVVbZOWtrHCr4Gzkp.2","action":"Commit Response", "result":"SYNCER_OK", "context":Result: SYNCER_OK. cV=sOMwgJVVbZOWtrHCr4Gzkp.0;server=GENERAL0100000L;cloudType=Consumer;environment=Prod_SoutheastAsia_000j;migrationStage=NotStarted}
{"logTime": "0813/164812", "correlationVector":"o74yS9lN9hnYKgnYv6VsHT","action":"Commit Request", "result":"", "context":Item count: 1
Contributing types: Sessions}
{"logTime": "0813/164812", "correlationVector":"o74yS9lN9hnYKgnYv6VsHT.1","action":"SyncServerConnectionManagerRequest", "result":"SYNC_SERVER_OK", "context":{"environment":"Prod_SoutheastAsia_000j", "migrationStage":"NotStarted", "server":"GENERAL01000018"}}
{"logTime": "0813/164812", "correlationVector":"o74yS9lN9hnYKgnYv6VsHT.2","action":"Commit Response", "result":"SYNCER_OK", "context":Result: SYNCER_OK. cV=o74yS9lN9hnYKgnYv6VsHT.0;server=GENERAL01000018;cloudType=Consumer;environment=Prod_SoutheastAsia_000j;migrationStage=NotStarted}
{"logTime": "0813/164842", "correlationVector":"V1J51MVA/dcoBl0GgAy2Z4","action":"Commit Request", "result":"", "context":Item count: 1
Contributing types: Sessions}
{"logTime": "0813/164843", "correlationVector":"V1J51MVA/dcoBl0GgAy2Z4.1","action":"SyncServerConnectionManagerRequest", "result":"SYNC_SERVER_OK", "context":{"environment":"Prod_SoutheastAsia_000j", "migrationStage":"NotStarted", "server":"GENERAL0100000H"}}
{"logTime": "0813/164843", "correlationVector":"V1J51MVA/dcoBl0GgAy2Z4.2","action":"Commit Response", "result":"SYNCER_OK", "context":Result: SYNCER_OK. cV=V1J51MVA/dcoBl0GgAy2Z4.0;server=GENERAL0100000H;cloudType=Consumer;environment=Prod_SoutheastAsia_000j;migrationStage=NotStarted}
{"logTime": "0813/165048", "correlationVector":"mFLxI+fX/Nq3i2wsbhssnc","action":"Commit Request", "result":"", "context":Item count: 1
Contributing types: Sessions}
{"logTime": "0813/165049", "correlationVector":"mFLxI+fX/Nq3i2wsbhssnc.1","action":"SyncServerConnectionManagerRequest", "result":"SYNC_SERVER_OK", "context":{"environment":"Prod_SoutheastAsia_000j", "migrationStage":"NotStarted", "server":"GENERAL0100000L"}}
{"logTime": "0813/165049", "correlationVector":"mFLxI+fX/Nq3i2wsbhssnc.2","action":"Commit Response", "result":"SYNCER_OK", "context":Result: SYNCER_OK. cV=mFLxI+fX/Nq3i2wsbhssnc.0;server=GENERAL0100000L;cloudType=Consumer;environment=Prod_SoutheastAsia_000j;migrationStage=NotStarted}
{"logTime": "0813/165702", "correlationVector":"9lIWV+2EtxFjzbQ+XWEPCf","action":"Commit Request", "result":"", "context":Item count: 1
Contributing types: Sessions}
{"logTime": "0813/165703", "correlationVector":"9lIWV+2EtxFjzbQ+XWEPCf.1","action":"SyncServerConnectionManagerRequest", "result":"SYNC_SERVER_OK", "context":{"environment":"Prod_SoutheastAsia_000j", "migrationStage":"NotStarted", "server":"GENERAL01000019"}}
{"logTime": "0813/165703", "correlationVector":"9lIWV+2EtxFjzbQ+XWEPCf.2","action":"Commit Response", "result":"SYNCER_OK", "context":Result: SYNCER_OK. cV=9lIWV+2EtxFjzbQ+XWEPCf.0;server=GENERAL01000019;cloudType=Consumer;environment=Prod_SoutheastAsia_000j;migrationStage=NotStarted}
{"logTime": "0813/165756", "correlationVector":"2jW8L9nMerBF4MPPezGj2b","action":"Commit Request", "result":"", "context":Item count: 1
Contributing types: Sessions}
{"logTime": "0813/165757", "correlationVector":"2jW8L9nMerBF4MPPezGj2b.1","action":"SyncServerConnectionManagerRequest", "result":"SYNC_SERVER_OK", "context":{"environment":"Prod_SoutheastAsia_000j", "migrationStage":"NotStarted", "server":"GENERAL0100000P"}}
{"logTime": "0813/165757", "correlationVector":"2jW8L9nMerBF4MPPezGj2b.2","action":"Commit Response", "result":"SYNCER_OK", "context":Result: SYNCER_OK. cV=2jW8L9nMerBF4MPPezGj2b.0;server=GENERAL0100000P;cloudType=Consumer;environment=Prod_SoutheastAsia_000j;migrationStage=NotStarted}
{"logTime": "0813/170048", "correlationVector":"wAFFGH9heXj97xvPqYMrPT.0","action":"FeedSettingFetch_homeCloud", "result":"0", "context":{}}
{"logTime": "0813/170048", "correlationVector":"grhXhc94WswNQjRC0w+c6E.1","action":"SyncServerConnectionManagerRequest", "result":"SYNC_SERVER_OK", "context":{"environment":"Prod_SoutheastAsia_000j", "migrationStage":"NotStarted", "server":"GENERAL0100001F"}}
{"logTime": "0813/170048", "correlationVector":"grhXhc94WswNQjRC0w+c6E","action":"Initial GetUpdates", "result":"", "context":Reason: NEW_CLIENT. cV=grhXhc94WswNQjRC0w+c6E}
{"logTime": "0813/170048", "correlationVector":"grhXhc94WswNQjRC0w+c6E.2","action":"GetUpdates Response", "result":"SYNCER_OK", "context":Received 1 update(s). cV=grhXhc94WswNQjRC0w+c6E.0;server=GENERAL0100001F;cloudType=Consumer;environment=Prod_SoutheastAsia_000j;migrationStage=NotStarted}
{"logTime": "0813/170048", "correlationVector":"Z6bXMlSVBnnL/OIx97CzMr","action":"SyncServerConnectionManagerRequest", "result":"SYNC_SERVER_OK", "context":{"environment":"", "migrationStage":"", "server":""}}
{"logTime": "0813/170048", "correlationVector":"7HKCjEa3Di76vu5gAgwWyp","action":"Initial GetUpdates", "result":"", "context":Reason: NEWLY_SUPPORTED_DATATYPE. cV=7HKCjEa3Di76vu5gAgwWyp}
{"logTime": "0813/170048", "correlationVector":"7HKCjEa3Di76vu5gAgwWyp.1","action":"SyncServerConnectionManagerRequest", "result":"SYNC_SERVER_OK", "context":{"environment":"Prod_SoutheastAsia_000j", "migrationStage":"NotStarted", "server":"GENERAL0100001C"}}
{"logTime": "0813/170048", "correlationVector":"7HKCjEa3Di76vu5gAgwWyp.2","action":"GetUpdates", "result":"DeleteReceived", "context":{"id":"eddb1425-74c0-4451-b516-a71a37fb4879", "isDeleted:":"true", "version":"1685560435866"}}
{"logTime": "0813/170048", "correlationVector":"7HKCjEa3Di76vu5gAgwWyp.3","action":"GetUpdates", "result":"DeleteReceived", "context":{"id":"7767ad23-6922-4cfe-aac8-bf7957c7cd38", "isDeleted:":"true", "version":"1685560459044"}}
{"logTime": "0813/170048", "correlationVector":"7HKCjEa3Di76vu5gAgwWyp.4","action":"GetUpdates Response", "result":"SYNCER_OK", "context":Received 5 update(s). cV=7HKCjEa3Di76vu5gAgwWyp.0;server=GENERAL0100001C;cloudType=Consumer;environment=Prod_SoutheastAsia_000j;migrationStage=NotStarted}
{"logTime": "0813/170048", "correlationVector":"ArhCx7nZ7EUpNx6Eh93Tlk","action":"Normal GetUpdate request", "result":"", "context":cV=ArhCx7nZ7EUpNx6Eh93Tlk
Nudged types: Sessions, User Consents
Refresh requested types: Bookmarks, Preferences, Passwords, Autofill Profiles, Autofill, Autofill Custom Data, Typed URLs, Extensions, Sessions, Extension settings, History Delete Directives, Device Info, User Consents, Send Tab To Self, Web Apps, Collection, Edge E Drop, Edge Hub App Usage, Encryption Keys}
{"logTime": "0813/170048", "correlationVector":"ArhCx7nZ7EUpNx6Eh93Tlk.1","action":"SyncServerConnectionManagerRequest", "result":"SYNC_SERVER_OK", "context":{"environment":"Prod_SoutheastAsia_000j", "migrationStage":"NotStarted", "server":"GENERAL01000016"}}
{"logTime": "0813/170048", "correlationVector":"ArhCx7nZ7EUpNx6Eh93Tlk.2","action":"GetUpdates Response", "result":"SYNCER_OK", "context":Received 1 update(s). cV=ArhCx7nZ7EUpNx6Eh93Tlk.0;server=GENERAL01000016;cloudType=Consumer;environment=Prod_SoutheastAsia_000j;migrationStage=NotStarted}
{"logTime": "0813/170048", "correlationVector":"9KtceA+6aeE+HKshoPS44x","action":"Commit Request", "result":"", "context":Item count: 4
Contributing types: Sessions, User Consents}
{"logTime": "0813/170048", "correlationVector":"9KtceA+6aeE+HKshoPS44x.1","action":"SyncServerConnectionManagerRequest", "result":"SYNC_SERVER_OK", "context":{"environment":"Prod_SoutheastAsia_000j", "migrationStage":"NotStarted", "server":"GENERAL0100000S"}}
{"logTime": "0813/170048", "correlationVector":"9KtceA+6aeE+HKshoPS44x.2","action":"Commit Response", "result":"SYNCER_OK", "context":Result: SYNCER_OK. cV=9KtceA+6aeE+HKshoPS44x.0;server=GENERAL0100000S;cloudType=Consumer;environment=Prod_SoutheastAsia_000j;migrationStage=NotStarted}
{"logTime": "0813/170048", "correlationVector":"/gzt6N9zLt5w+ZiSA1+mmw","action":"Normal GetUpdate request", "result":"", "context":cV=/gzt6N9zLt5w+ZiSA1+mmw
Nudged types: Sessions}
{"logTime": "0813/170048", "correlationVector":"/gzt6N9zLt5w+ZiSA1+mmw.1","action":"SyncServerConnectionManagerRequest", "result":"SYNC_SERVER_OK", "context":{"environment":"Prod_SoutheastAsia_000j", "migrationStage":"NotStarted", "server":"GENERAL01000018"}}
{"logTime": "0813/170048", "correlationVector":"/gzt6N9zLt5w+ZiSA1+mmw.2","action":"GetUpdates Response", "result":"SYNCER_OK", "context":Received 3 update(s). cV=/gzt6N9zLt5w+ZiSA1+mmw.0;server=GENERAL01000018;cloudType=Consumer;environment=Prod_SoutheastAsia_000j;migrationStage=NotStarted}
{"logTime": "0813/170048", "correlationVector":"gSMFBG9xLIViSoxfz9Rqvt","action":"Commit Request", "result":"", "context":Item count: 2
Contributing types: Sessions}
{"logTime": "0813/170048", "correlationVector":"gSMFBG9xLIViSoxfz9Rqvt.1","action":"SyncServerConnectionManagerRequest", "result":"SYNC_SERVER_OK", "context":{"environment":"Prod_SoutheastAsia_000j", "migrationStage":"NotStarted", "server":"GENERAL01000019"}}
{"logTime": "0813/170048", "correlationVector":"gSMFBG9xLIViSoxfz9Rqvt.3","action":"Commit.Sessions", "result":"Success", "context":{"id":"69d63f34-3638-4591-887d-7e7e1fb8a040", "isDeleted":"true", "size":"0", "version":"1691945989579"}}
{"logTime": "0813/170048", "correlationVector":"gSMFBG9xLIViSoxfz9Rqvt.2","action":"Commit Response", "result":"SYNCER_OK", "context":Result: SYNCER_OK. cV=gSMFBG9xLIViSoxfz9Rqvt.0;server=GENERAL01000019;cloudType=Consumer;environment=Prod_SoutheastAsia_000j;migrationStage=NotStarted}
{"logTime": "0813/170053", "correlationVector":"bnJlPd8/07m0PxIGicEDTY","action":"Normal GetUpdate request", "result":"", "context":cV=bnJlPd8/07m0PxIGicEDTY
Nudged types: Sessions}
{"logTime": "0813/170054", "correlationVector":"bnJlPd8/07m0PxIGicEDTY.1","action":"SyncServerConnectionManagerRequest", "result":"SYNC_SERVER_OK", "context":{"environment":"Prod_SoutheastAsia_000j", "migrationStage":"NotStarted", "server":"GENERAL01000017"}}
{"logTime": "0813/170054", "correlationVector":"bnJlPd8/07m0PxIGicEDTY.2","action":"GetUpdates", "result":"DeleteReceived", "context":{"id":"69d63f34-3638-4591-887d-7e7e1fb8a040", "isDeleted:":"true", "version":"1691946021157"}}
{"logTime": "0813/170054", "correlationVector":"bnJlPd8/07m0PxIGicEDTY.3","action":"GetUpdates Response", "result":"SYNCER_OK", "context":Received 2 update(s). cV=bnJlPd8/07m0PxIGicEDTY.0;server=GENERAL01000017;cloudType=Consumer;environment=Prod_SoutheastAsia_000j;migrationStage=NotStarted}
{"logTime": "0813/170249", "correlationVector":"GKUlbGPCNGzS3PTN3FGHB4","action":"Commit Request", "result":"", "context":Item count: 1
Contributing types: Sessions}
{"logTime": "0813/170250", "correlationVector":"GKUlbGPCNGzS3PTN3FGHB4.1","action":"SyncServerConnectionManagerRequest", "result":"SYNC_SERVER_OK", "context":{"environment":"Prod_SoutheastAsia_000j", "migrationStage":"NotStarted", "server":"GENERAL0100000M"}}
{"logTime": "0813/170250", "correlationVector":"GKUlbGPCNGzS3PTN3FGHB4.2","action":"Commit Response", "result":"SYNCER_OK", "context":Result: SYNCER_OK. cV=GKUlbGPCNGzS3PTN3FGHB4.0;server=GENERAL0100000M;cloudType=Consumer;environment=Prod_SoutheastAsia_000j;migrationStage=NotStarted}
{"logTime": "0813/170350", "correlationVector":"93Ax8w+bBdAsVpCRwvSnIw","action":"Commit Request", "result":"", "context":Item count: 1
Contributing types: Sessions}
{"logTime": "0813/170351", "correlationVector":"93Ax8w+bBdAsVpCRwvSnIw.1","action":"SyncServerConnectionManagerRequest", "result":"SYNC_SERVER_OK", "context":{"environment":"Prod_SoutheastAsia_000j", "migrationStage":"NotStarted", "server":"GENERAL0100001E"}}
{"logTime": "0813/170351", "correlationVector":"93Ax8w+bBdAsVpCRwvSnIw.2","action":"Commit Response", "result":"SYNCER_OK", "context":Result: SYNCER_OK. cV=93Ax8w+bBdAsVpCRwvSnIw.0;server=GENERAL0100001E;cloudType=Consumer;environment=Prod_SoutheastAsia_000j;migrationStage=NotStarted}
{"logTime": "0813/170427", "correlationVector":"1aonMc2+KZu87QeB4/BVCn","action":"Commit Request", "result":"", "context":Item count: 1
Contributing types: Sessions}
{"logTime": "0813/170427", "correlationVector":"1aonMc2+KZu87QeB4/BVCn.1","action":"SyncServerConnectionManagerRequest", "result":"SYNC_SERVER_OK", "context":{"environment":"Prod_SoutheastAsia_000j", "migrationStage":"NotStarted", "server":"GENERAL0100000P"}}
{"logTime": "0813/170427", "correlationVector":"1aonMc2+KZu87QeB4/BVCn.2","action":"Commit Response", "result":"SYNCER_OK", "context":Result: SYNCER_OK. cV=1aonMc2+KZu87QeB4/BVCn.0;server=GENERAL0100000P;cloudType=Consumer;environment=Prod_SoutheastAsia_000j;migrationStage=NotStarted}
{"logTime": "0813/170510", "correlationVector":"QDcZBhTTGNA2HdVgvX9aDZ","action":"Commit Request", "result":"", "context":Item count: 1
Contributing types: Sessions}
{"logTime": "0813/170511", "correlationVector":"QDcZBhTTGNA2HdVgvX9aDZ.1","action":"SyncServerConnectionManagerRequest", "result":"SYNC_SERVER_OK", "context":{"environment":"Prod_SoutheastAsia_000j", "migrationStage":"NotStarted", "server":"GENERAL0100001G"}}
{"logTime": "0813/170511", "correlationVector":"QDcZBhTTGNA2HdVgvX9aDZ.2","action":"Commit Response", "result":"SYNCER_OK", "context":Result: SYNCER_OK. cV=QDcZBhTTGNA2HdVgvX9aDZ.0;server=GENERAL0100001G;cloudType=Consumer;environment=Prod_SoutheastAsia_000j;migrationStage=NotStarted}
{"logTime": "0813/170739", "correlationVector":"8jD+ZuFTZpf919hNVLqzYQ.0","action":"FeedSettingFetch_homeCloud", "result":"0", "context":{}}
{"logTime": "0813/170739", "correlationVector":"XJUJ9L+gM8EnBjX4sGucdZ.1","action":"SyncServerConnectionManagerRequest", "result":"SYNC_SERVER_OK", "context":{"environment":"Prod_SoutheastAsia_000j", "migrationStage":"NotStarted", "server":"GENERAL0100000I"}}
{"logTime": "0813/170739", "correlationVector":"XJUJ9L+gM8EnBjX4sGucdZ","action":"Initial GetUpdates", "result":"", "context":Reason: NEW_CLIENT. cV=XJUJ9L+gM8EnBjX4sGucdZ}
{"logTime": "0813/170739", "correlationVector":"XJUJ9L+gM8EnBjX4sGucdZ.2","action":"GetUpdates Response", "result":"SYNCER_OK", "context":Received 1 update(s). cV=XJUJ9L+gM8EnBjX4sGucdZ.0;server=GENERAL0100000I;cloudType=Consumer;environment=Prod_SoutheastAsia_000j;migrationStage=NotStarted}
{"logTime": "0813/170739", "correlationVector":"3BCnykrTfzGiCs0qIBjXK3","action":"Initial GetUpdates", "result":"", "context":Reason: NEWLY_SUPPORTED_DATATYPE. cV=3BCnykrTfzGiCs0qIBjXK3}
{"logTime": "0813/170739", "correlationVector":"3BCnykrTfzGiCs0qIBjXK3.1","action":"SyncServerConnectionManagerRequest", "result":"SYNC_SERVER_OK", "context":{"environment":"Prod_SoutheastAsia_000j", "migrationStage":"NotStarted", "server":"GENERAL0100001G"}}
{"logTime": "0813/170739", "correlationVector":"3BCnykrTfzGiCs0qIBjXK3.2","action":"GetUpdates", "result":"DeleteReceived", "context":{"id":"eddb1425-74c0-4451-b516-a71a37fb4879", "isDeleted:":"true", "version":"1685560435866"}}
{"logTime": "0813/170739", "correlationVector":"3BCnykrTfzGiCs0qIBjXK3.3","action":"GetUpdates", "result":"DeleteReceived", "context":{"id":"7767ad23-6922-4cfe-aac8-bf7957c7cd38", "isDeleted:":"true", "version":"1685560459044"}}
{"logTime": "0813/170739", "correlationVector":"3BCnykrTfzGiCs0qIBjXK3.4","action":"GetUpdates Response", "result":"SYNCER_OK", "context":Received 5 update(s). cV=3BCnykrTfzGiCs0qIBjXK3.0;server=GENERAL0100001G;cloudType=Consumer;environment=Prod_SoutheastAsia_000j;migrationStage=NotStarted}
{"logTime": "0813/170739", "correlationVector":"nyt1TkA1CNqSGAVJ+Amf56","action":"SyncServerConnectionManagerRequest", "result":"SYNC_SERVER_OK", "context":{"environment":"", "migrationStage":"", "server":""}}
{"logTime": "0813/170739", "correlationVector":"CPXE0tAWEXVB21D+puOLZF","action":"Normal GetUpdate request", "result":"", "context":cV=CPXE0tAWEXVB21D+puOLZF
Nudged types: Sessions, User Consents
Refresh requested types: Bookmarks, Preferences, Passwords, Autofill Profiles, Autofill, Autofill Custom Data, Typed URLs, Extensions, Sessions, Extension settings, History Delete Directives, Device Info, User Consents, Send Tab To Self, Web Apps, Collection, Edge E Drop, Edge Hub App Usage, Encryption Keys}
{"logTime": "0813/170739", "correlationVector":"CPXE0tAWEXVB21D+puOLZF.1","action":"SyncServerConnectionManagerRequest", "result":"SYNC_SERVER_OK", "context":{"environment":"Prod_SoutheastAsia_000j", "migrationStage":"NotStarted", "server":"GENERAL01000009"}}
{"logTime": "0813/170739", "correlationVector":"CPXE0tAWEXVB21D+puOLZF.2","action":"GetUpdates Response", "result":"SYNCER_OK", "context":Received 1 update(s). cV=CPXE0tAWEXVB21D+puOLZF.0;server=GENERAL01000009;cloudType=Consumer;environment=Prod_SoutheastAsia_000j;migrationStage=NotStarted}
{"logTime": "0813/170739", "correlationVector":"MxieH8ZONL5HITSsIIEFcN","action":"Commit Request", "result":"", "context":Item count: 4
Contributing types: Sessions, User Consents}
{"logTime": "0813/170739", "correlationVector":"MxieH8ZONL5HITSsIIEFcN.1","action":"SyncServerConnectionManagerRequest", "result":"SYNC_SERVER_OK", "context":{"environment":"Prod_SoutheastAsia_000j", "migrationStage":"NotStarted", "server":"GENERAL0100001A"}}
{"logTime": "0813/170739", "correlationVector":"MxieH8ZONL5HITSsIIEFcN.2","action":"Commit Response", "result":"SYNCER_OK", "context":Result: SYNCER_OK. cV=MxieH8ZONL5HITSsIIEFcN.0;server=GENERAL0100001A;cloudType=Consumer;environment=Prod_SoutheastAsia_000j;migrationStage=NotStarted}
{"logTime": "0813/170739", "correlationVector":"44ZVy71A9XOguV/5zA4x31","action":"Normal GetUpdate request", "result":"", "context":cV=44ZVy71A9XOguV/5zA4x31
Nudged types: Sessions
Refresh requested types: Bookmarks, Preferences, Passwords, Autofill Profiles, Autofill, Autofill Custom Data, Typed URLs, Extensions, Sessions, Extension settings, History Delete Directives, Device Info, User Consents, Send Tab To Self, Web Apps, Collection, Edge E Drop, Edge Hub App Usage, Encryption Keys}
{"logTime": "0813/170739", "correlationVector":"44ZVy71A9XOguV/5zA4x31.1","action":"SyncServerConnectionManagerRequest", "result":"SYNC_SERVER_OK", "context":{"environment":"Prod_SoutheastAsia_000j", "migrationStage":"NotStarted", "server":"GENERAL01000015"}}
{"logTime": "0813/170739", "correlationVector":"44ZVy71A9XOguV/5zA4x31.2","action":"GetUpdates Response", "result":"SYNCER_OK", "context":Received 3 update(s). cV=44ZVy71A9XOguV/5zA4x31.0;server=GENERAL01000015;cloudType=Consumer;environment=Prod_SoutheastAsia_000j;migrationStage=NotStarted}
{"logTime": "0813/170739", "correlationVector":"m1OOHiYSrM2VEa52eYeb3D","action":"Normal GetUpdate request", "result":"", "context":cV=m1OOHiYSrM2VEa52eYeb3D
Nudged types: Sessions}
{"logTime": "0813/170739", "correlationVector":"m1OOHiYSrM2VEa52eYeb3D.1","action":"SyncServerConnectionManagerRequest", "result":"SYNC_SERVER_OK", "context":{"environment":"Prod_SoutheastAsia_000j", "migrationStage":"NotStarted", "server":"GENERAL0100000C"}}
{"logTime": "0813/170739", "correlationVector":"m1OOHiYSrM2VEa52eYeb3D.2","action":"GetUpdates Response", "result":"SYNCER_OK", "context":Received 0 update(s). cV=m1OOHiYSrM2VEa52eYeb3D.0;server=GENERAL0100000C;cloudType=Consumer;environment=Prod_SoutheastAsia_000j;migrationStage=NotStarted}
{"logTime": "0813/170739", "correlationVector":"m0H1pbdyHolwD+55xkkax3","action":"Commit Request", "result":"", "context":Item count: 2
Contributing types: Sessions}
{"logTime": "0813/170739", "correlationVector":"m0H1pbdyHolwD+55xkkax3.1","action":"SyncServerConnectionManagerRequest", "result":"SYNC_SERVER_OK", "context":{"environment":"Prod_SoutheastAsia_000j", "migrationStage":"NotStarted", "server":"GENERAL0100000J"}}
{"logTime": "0813/170739", "correlationVector":"m0H1pbdyHolwD+55xkkax3.3","action":"Commit.Sessions", "result":"Success", "context":{"id":"8e124da5-25a8-4c06-a308-1cbd52a1f0af", "isDeleted":"true", "size":"0", "version":"1691946399935"}}
{"logTime": "0813/170739", "correlationVector":"m0H1pbdyHolwD+55xkkax3.2","action":"Commit Response", "result":"SYNCER_OK", "context":Result: SYNCER_OK. cV=m0H1pbdyHolwD+55xkkax3.0;server=GENERAL0100000J;cloudType=Consumer;environment=Prod_SoutheastAsia_000j;migrationStage=NotStarted}
{"logTime": "0813/170746", "correlationVector":"+35sSBYTQv3gM6+blXAjOA","action":"Normal GetUpdate request", "result":"", "context":cV=+35sSBYTQv3gM6+blXAjOA
Nudged types: Sessions}
{"logTime": "0813/170747", "correlationVector":"+35sSBYTQv3gM6+blXAjOA.1","action":"SyncServerConnectionManagerRequest", "result":"SYNC_SERVER_OK", "context":{"environment":"Prod_SoutheastAsia_000j", "migrationStage":"NotStarted", "server":"GENERAL0100000A"}}
{"logTime": "0813/170747", "correlationVector":"+35sSBYTQv3gM6+blXAjOA.2","action":"GetUpdates", "result":"DeleteReceived", "context":{"id":"8e124da5-25a8-4c06-a308-1cbd52a1f0af", "isDeleted:":"true", "version":"1691946434381"}}
{"logTime": "0813/170747", "correlationVector":"+35sSBYTQv3gM6+blXAjOA.3","action":"GetUpdates Response", "result":"SYNCER_OK", "context":Received 2 update(s). cV=+35sSBYTQv3gM6+blXAjOA.0;server=GENERAL0100000A;cloudType=Consumer;environment=Prod_SoutheastAsia_000j;migrationStage=NotStarted}
{"logTime": "0813/171009", "correlationVector":"PoUM2rtWCY2LDxcAIczKlG.0","action":"FeedSettingFetch_homeCloud", "result":"0", "context":{}}
{"logTime": "0813/171009", "correlationVector":"PpOlaRhBHl1BQgVyDm4BKA.1","action":"SyncServerConnectionManagerRequest", "result":"SYNC_SERVER_OK", "context":{"environment":"Prod_SoutheastAsia_000j", "migrationStage":"NotStarted", "server":"GENERAL01000017"}}
{"logTime": "0813/171009", "correlationVector":"PpOlaRhBHl1BQgVyDm4BKA","action":"Initial GetUpdates", "result":"", "context":Reason: NEW_CLIENT. cV=PpOlaRhBHl1BQgVyDm4BKA}
{"logTime": "0813/171009", "correlationVector":"PpOlaRhBHl1BQgVyDm4BKA.2","action":"GetUpdates Response", "result":"SYNCER_OK", "context":Received 1 update(s). cV=PpOlaRhBHl1BQgVyDm4BKA.0;server=GENERAL01000017;cloudType=Consumer;environment=Prod_SoutheastAsia_000j;migrationStage=NotStarted}
{"logTime": "0813/171009", "correlationVector":"n3YqqlFpnc2ehVsE3I9LhH","action":"SyncServerConnectionManagerRequest", "result":"SYNC_SERVER_OK", "context":{"environment":"", "migrationStage":"", "server":""}}
{"logTime": "0813/171009", "correlationVector":"dnemHOZJc73hF0w94qdT2I","action":"Initial GetUpdates", "result":"", "context":Reason: NEWLY_SUPPORTED_DATATYPE. cV=dnemHOZJc73hF0w94qdT2I}
{"logTime": "0813/171009", "correlationVector":"dnemHOZJc73hF0w94qdT2I.1","action":"SyncServerConnectionManagerRequest", "result":"SYNC_SERVER_OK", "context":{"environment":"Prod_SoutheastAsia_000j", "migrationStage":"NotStarted", "server":"general01000014"}}
{"logTime": "0813/171009", "correlationVector":"dnemHOZJc73hF0w94qdT2I.2","action":"GetUpdates", "result":"DeleteReceived", "context":{"id":"eddb1425-74c0-4451-b516-a71a37fb4879", "isDeleted:":"true", "version":"1685560435866"}}
{"logTime": "0813/171009", "correlationVector":"dnemHOZJc73hF0w94qdT2I.3","action":"GetUpdates", "result":"DeleteReceived", "context":{"id":"7767ad23-6922-4cfe-aac8-bf7957c7cd38", "isDeleted:":"true", "version":"1685560459044"}}
{"logTime": "0813/171009", "correlationVector":"dnemHOZJc73hF0w94qdT2I.4","action":"GetUpdates Response", "result":"SYNCER_OK", "context":Received 5 update(s). cV=dnemHOZJc73hF0w94qdT2I.0;server=general01000014;cloudType=Consumer;environment=Prod_SoutheastAsia_000j;migrationStage=NotStarted}
{"logTime": "0813/171009", "correlationVector":"cQZVlFw4p3mnsI+yY8azNC","action":"Normal GetUpdate request", "result":"", "context":cV=cQZVlFw4p3mnsI+yY8azNC
Nudged types: Sessions, User Consents
Refresh requested types: Bookmarks, Preferences, Passwords, Autofill Profiles, Autofill, Autofill Custom Data, Typed URLs, Extensions, Sessions, Extension settings, History Delete Directives, Device Info, User Consents, Send Tab To Self, Web Apps, Collection, Edge E Drop, Edge Hub App Usage, Encryption Keys}
{"logTime": "0813/171009", "correlationVector":"cQZVlFw4p3mnsI+yY8azNC.1","action":"SyncServerConnectionManagerRequest", "result":"SYNC_SERVER_OK", "context":{"environment":"Prod_SoutheastAsia_000j", "migrationStage":"NotStarted", "server":"GENERAL0100000I"}}
{"logTime": "0813/171009", "correlationVector":"cQZVlFw4p3mnsI+yY8azNC.2","action":"GetUpdates Response", "result":"SYNCER_OK", "context":Received 0 update(s). cV=cQZVlFw4p3mnsI+yY8azNC.0;server=GENERAL0100000I;cloudType=Consumer;environment=Prod_SoutheastAsia_000j;migrationStage=NotStarted}
{"logTime": "0813/171009", "correlationVector":"sFNqB/flCxzv8lkTSYl+6u","action":"Commit Request", "result":"", "context":Item count: 4
Contributing types: Sessions, User Consents}
{"logTime": "0813/171009", "correlationVector":"sFNqB/flCxzv8lkTSYl+6u.1","action":"SyncServerConnectionManagerRequest", "result":"SYNC_SERVER_OK", "context":{"environment":"Prod_SoutheastAsia_000j", "migrationStage":"NotStarted", "server":"GENERAL01000007"}}
{"logTime": "0813/171009", "correlationVector":"sFNqB/flCxzv8lkTSYl+6u.2","action":"Commit Response", "result":"SYNCER_OK", "context":Result: SYNCER_OK. cV=sFNqB/flCxzv8lkTSYl+6u.0;server=GENERAL01000007;cloudType=Consumer;environment=Prod_SoutheastAsia_000j;migrationStage=NotStarted}
{"logTime": "0813/171028", "correlationVector":"rdvC6Na64ocIo0iB69YShe","action":"Normal GetUpdate request", "result":"", "context":cV=rdvC6Na64ocIo0iB69YShe
Nudged types: Sessions}
{"logTime": "0813/171029", "correlationVector":"rdvC6Na64ocIo0iB69YShe.1","action":"SyncServerConnectionManagerRequest", "result":"SYNC_SERVER_OK", "context":{"environment":"Prod_SoutheastAsia_000j", "migrationStage":"NotStarted", "server":"GENERAL01000016"}}
{"logTime": "0813/171029", "correlationVector":"rdvC6Na64ocIo0iB69YShe.2","action":"GetUpdates Response", "result":"SYNCER_OK", "context":Received 3 update(s). cV=rdvC6Na64ocIo0iB69YShe.0;server=GENERAL01000016;cloudType=Consumer;environment=Prod_SoutheastAsia_000j;migrationStage=NotStarted}
{"logTime": "0813/171029", "correlationVector":"3DVXOJ66wtE1hAthxv93BT","action":"Commit Request", "result":"", "context":Item count: 2
Contributing types: Sessions}
{"logTime": "0813/171030", "correlationVector":"3DVXOJ66wtE1hAthxv93BT.1","action":"SyncServerConnectionManagerRequest", "result":"SYNC_SERVER_OK", "context":{"environment":"Prod_SoutheastAsia_000j", "migrationStage":"NotStarted", "server":"GENERAL01000008"}}
{"logTime": "0813/171030", "correlationVector":"3DVXOJ66wtE1hAthxv93BT.3","action":"Commit.Sessions", "result":"Success", "context":{"id":"4615a64c-d17e-403f-b421-828889ca652a", "isDeleted":"true", "size":"0", "version":"1691946596340"}}
{"logTime": "0813/171030", "correlationVector":"3DVXOJ66wtE1hAthxv93BT.2","action":"Commit Response", "result":"SYNCER_OK", "context":Result: SYNCER_OK. cV=3DVXOJ66wtE1hAthxv93BT.0;server=GENERAL01000008;cloudType=Consumer;environment=Prod_SoutheastAsia_000j;migrationStage=NotStarted}
{"logTime": "0813/171100", "correlationVector":"R6YG9Sl4TXUhZIy+62JaAb","action":"Commit Request", "result":"", "context":Item count: 1
Contributing types: Sessions}
{"logTime": "0813/171101", "correlationVector":"R6YG9Sl4TXUhZIy+62JaAb.1","action":"SyncServerConnectionManagerRequest", "result":"SYNC_SERVER_OK", "context":{"environment":"Prod_SoutheastAsia_000j", "migrationStage":"NotStarted", "server":"GENERAL01000012"}}
{"logTime": "0813/171101", "correlationVector":"R6YG9Sl4TXUhZIy+62JaAb.2","action":"Commit Response", "result":"SYNCER_OK", "context":Result: SYNCER_OK. cV=R6YG9Sl4TXUhZIy+62JaAb.0;server=GENERAL01000012;cloudType=Consumer;environment=Prod_SoutheastAsia_000j;migrationStage=NotStarted}
{"logTime": "0813/171140", "correlationVector":"wYC58gizjYWn95vGWxyuCq","action":"Commit Request", "result":"", "context":Item count: 1
Contributing types: Sessions}
{"logTime": "0813/171141", "correlationVector":"wYC58gizjYWn95vGWxyuCq.1","action":"SyncServerConnectionManagerRequest", "result":"SYNC_SERVER_OK", "context":{"environment":"Prod_SoutheastAsia_000j", "migrationStage":"NotStarted", "server":"GENERAL0100000T"}}
{"logTime": "0813/171141", "correlationVector":"wYC58gizjYWn95vGWxyuCq.2","action":"Commit Response", "result":"SYNCER_OK", "context":Result: SYNCER_OK. cV=wYC58gizjYWn95vGWxyuCq.0;server=GENERAL0100000T;cloudType=Consumer;environment=Prod_SoutheastAsia_000j;migrationStage=NotStarted}
{"logTime": "0813/171246", "correlationVector":"PhHcbox989UsX7k4esbiYl","action":"Commit Request", "result":"", "context":Item count: 1
Contributing types: Sessions}
{"logTime": "0813/171246", "correlationVector":"PhHcbox989UsX7k4esbiYl.1","action":"SyncServerConnectionManagerRequest", "result":"SYNC_SERVER_OK", "context":{"environment":"Prod_SoutheastAsia_000j", "migrationStage":"NotStarted", "server":"GENERAL0100000G"}}
{"logTime": "0813/171246", "correlationVector":"PhHcbox989UsX7k4esbiYl.2","action":"Commit Response", "result":"SYNCER_OK", "context":Result: SYNCER_OK. cV=PhHcbox989UsX7k4esbiYl.0;server=GENERAL0100000G;cloudType=Consumer;environment=Prod_SoutheastAsia_000j;migrationStage=NotStarted}
{"logTime": "0813/171904", "correlationVector":"sC/TST4Jj/7C+Ua0DiO1Ze","action":"Commit Request", "result":"", "context":Item count: 1
Contributing types: Sessions}
{"logTime": "0813/171905", "correlationVector":"sC/TST4Jj/7C+Ua0DiO1Ze.1","action":"SyncServerConnectionManagerRequest", "result":"SYNC_SERVER_OK", "context":{"environment":"Prod_SoutheastAsia_000j", "migrationStage":"NotStarted", "server":"GENERAL01000006"}}
{"logTime": "0813/171905", "correlationVector":"sC/TST4Jj/7C+Ua0DiO1Ze.2","action":"Commit Response", "result":"SYNCER_OK", "context":Result: SYNCER_OK. cV=sC/TST4Jj/7C+Ua0DiO1Ze.0;server=GENERAL01000006;cloudType=Consumer;environment=Prod_SoutheastAsia_000j;migrationStage=NotStarted}
{"logTime": "0813/171957", "correlationVector":"TiS/RG1YQ1OtwqBWT02bhe","action":"Commit Request", "result":"", "context":Item count: 1
Contributing types: Sessions}
{"logTime": "0813/171957", "correlationVector":"TiS/RG1YQ1OtwqBWT02bhe.1","action":"SyncServerConnectionManagerRequest", "result":"SYNC_SERVER_OK", "context":{"environment":"Prod_SoutheastAsia_000j", "migrationStage":"NotStarted", "server":"GENERAL0100000Q"}}
{"logTime": "0813/171957", "correlationVector":"TiS/RG1YQ1OtwqBWT02bhe.2","action":"Commit Response", "result":"SYNCER_OK", "context":Result: SYNCER_OK. cV=TiS/RG1YQ1OtwqBWT02bhe.0;server=GENERAL0100000Q;cloudType=Consumer;environment=Prod_SoutheastAsia_000j;migrationStage=NotStarted}
{"logTime": "0813/172050", "correlationVector":"ZvFVzZxg+wfan8N8XlBITW","action":"Commit Request", "result":"", "context":Item count: 1
Contributing types: Sessions}
{"logTime": "0813/172051", "correlationVector":"ZvFVzZxg+wfan8N8XlBITW.1","action":"SyncServerConnectionManagerRequest", "result":"SYNC_SERVER_OK", "context":{"environment":"Prod_SoutheastAsia_000j", "migrationStage":"NotStarted", "server":"GENERAL01000010"}}
{"logTime": "0813/172051", "correlationVector":"ZvFVzZxg+wfan8N8XlBITW.2","action":"Commit Response", "result":"SYNCER_OK", "context":Result: SYNCER_OK. cV=ZvFVzZxg+wfan8N8XlBITW.0;server=GENERAL01000010;cloudType=Consumer;environment=Prod_SoutheastAsia_000j;migrationStage=NotStarted}
{"logTime": "0813/172128", "correlationVector":"VIfR30m6pjCZ6bajs8hNA5","action":"Commit Request", "result":"", "context":Item count: 1
Contributing types: Sessions}
{"logTime": "0813/172129", "correlationVector":"VIfR30m6pjCZ6bajs8hNA5.1","action":"SyncServerConnectionManagerRequest", "result":"SYNC_SERVER_OK", "context":{"environment":"Prod_SoutheastAsia_000j", "migrationStage":"NotStarted", "server":"GENERAL0100000Y"}}
{"logTime": "0813/172129", "correlationVector":"VIfR30m6pjCZ6bajs8hNA5.2","action":"Commit Response", "result":"SYNCER_OK", "context":Result: SYNCER_OK. cV=VIfR30m6pjCZ6bajs8hNA5.0;server=GENERAL0100000Y;cloudType=Consumer;environment=Prod_SoutheastAsia_000j;migrationStage=NotStarted}
{"logTime": "0813/172242", "correlationVector":"VoybDNWcjWQ2RViXsE/avz","action":"Commit Request", "result":"", "context":Item count: 1
Contributing types: Sessions}
{"logTime": "0813/172243", "correlationVector":"VoybDNWcjWQ2RViXsE/avz.1","action":"SyncServerConnectionManagerRequest", "result":"SYNC_SERVER_OK", "context":{"environment":"Prod_SoutheastAsia_000j", "migrationStage":"NotStarted", "server":"GENERAL0100000U"}}
{"logTime": "0813/172243", "correlationVector":"VoybDNWcjWQ2RViXsE/avz.2","action":"Commit Response", "result":"SYNCER_OK", "context":Result: SYNCER_OK. cV=VoybDNWcjWQ2RViXsE/avz.0;server=GENERAL0100000U;cloudType=Consumer;environment=Prod_SoutheastAsia_000j;migrationStage=NotStarted}
{"logTime": "0813/172347", "correlationVector":"oepiUg6d2BA84CIYb27MLC","action":"Commit Request", "result":"", "context":Item count: 1
Contributing types: Sessions}
{"logTime": "0813/172348", "correlationVector":"oepiUg6d2BA84CIYb27MLC.1","action":"SyncServerConnectionManagerRequest", "result":"SYNC_SERVER_OK", "context":{"environment":"Prod_SoutheastAsia_000j", "migrationStage":"NotStarted", "server":"GENERAL0100001F"}}
{"logTime": "0813/172348", "correlationVector":"oepiUg6d2BA84CIYb27MLC.2","action":"Commit Response", "result":"SYNCER_OK", "context":Result: SYNCER_OK. cV=oepiUg6d2BA84CIYb27MLC.0;server=GENERAL0100001F;cloudType=Consumer;environment=Prod_SoutheastAsia_000j;migrationStage=NotStarted}
{"logTime": "0813/172441", "correlationVector":"yyA1lSHuB9ZH4kJWtq+9+F","action":"Commit Request", "result":"", "context":Item count: 1
Contributing types: Sessions}
{"logTime": "0813/172442", "correlationVector":"yyA1lSHuB9ZH4kJWtq+9+F.1","action":"SyncServerConnectionManagerRequest", "result":"SYNC_SERVER_OK", "context":{"environment":"Prod_SoutheastAsia_000j", "migrationStage":"NotStarted", "server":"GENERAL0100001L"}}
{"logTime": "0813/172442", "correlationVector":"yyA1lSHuB9ZH4kJWtq+9+F.2","action":"Commit Response", "result":"SYNCER_OK", "context":Result: SYNCER_OK. cV=yyA1lSHuB9ZH4kJWtq+9+F.0;server=GENERAL0100001L;cloudType=Consumer;environment=Prod_SoutheastAsia_000j;migrationStage=NotStarted}
{"logTime": "0813/172604", "correlationVector":"bv3QzvTKEk1OzkqF7Su/2b","action":"Commit Request", "result":"", "context":Item count: 1
Contributing types: Sessions}
{"logTime": "0813/172605", "correlationVector":"bv3QzvTKEk1OzkqF7Su/2b.1","action":"SyncServerConnectionManagerRequest", "result":"SYNC_SERVER_OK", "context":{"environment":"Prod_SoutheastAsia_000j", "migrationStage":"NotStarted", "server":"GENERAL01000009"}}
{"logTime": "0813/172605", "correlationVector":"bv3QzvTKEk1OzkqF7Su/2b.2","action":"Commit Response", "result":"SYNCER_OK", "context":Result: SYNCER_OK. cV=bv3QzvTKEk1OzkqF7Su/2b.0;server=GENERAL01000009;cloudType=Consumer;environment=Prod_SoutheastAsia_000j;migrationStage=NotStarted}
{"logTime": "0813/172955", "correlationVector":"udE/X0VNMjs3Ika4/wRGOX","action":"Commit Request", "result":"", "context":Item count: 1
Contributing types: Sessions}
{"logTime": "0813/172956", "correlationVector":"udE/X0VNMjs3Ika4/wRGOX.1","action":"SyncServerConnectionManagerRequest", "result":"SYNC_SERVER_OK", "context":{"environment":"Prod_SoutheastAsia_000j", "migrationStage":"NotStarted", "server":"GENERAL0100000N"}}
{"logTime": "0813/172956", "correlationVector":"udE/X0VNMjs3Ika4/wRGOX.2","action":"Commit Response", "result":"SYNCER_OK", "context":Result: SYNCER_OK. cV=udE/X0VNMjs3Ika4/wRGOX.0;server=GENERAL0100000N;cloudType=Consumer;environment=Prod_SoutheastAsia_000j;migrationStage=NotStarted}
{"logTime": "0813/173038", "correlationVector":"xDwM75m7Kd2bilVDeL1ysa","action":"Commit Request", "result":"", "context":Item count: 1
Contributing types: Sessions}
{"logTime": "0813/173039", "correlationVector":"xDwM75m7Kd2bilVDeL1ysa.1","action":"SyncServerConnectionManagerRequest", "result":"SYNC_SERVER_OK", "context":{"environment":"Prod_SoutheastAsia_000j", "migrationStage":"NotStarted", "server":"GENERAL0100000W"}}
{"logTime": "0813/173039", "correlationVector":"xDwM75m7Kd2bilVDeL1ysa.2","action":"Commit Response", "result":"SYNCER_OK", "context":Result: SYNCER_OK. cV=xDwM75m7Kd2bilVDeL1ysa.0;server=GENERAL0100000W;cloudType=Consumer;environment=Prod_SoutheastAsia_000j;migrationStage=NotStarted}
